2018-03-31 08:49:48 ::1 (pid 12520) :Pri:!INFO: maj meta compagnon_base_version_maj_init etape 0: compagnon_create 
2018-03-31 08:49:48 ::1 (pid 12520) :Pri:!INFO: compagnon_base_version_maj_init: ok
2018-03-31 08:49:48 ::1 (pid 12520) :Pri:!INFO: meta compagnon_base_version: init en 0 secondes
2018-03-31 08:49:48 ::1 (pid 12520) :Pri:!INFO: maj meta compagnon_base_version_maj_1.0.0 etape 0: inc_config_dist 
2018-03-31 08:49:49 ::1 (pid 12520) :Pri:!INFO: compagnon_base_version_maj_1.0.0: ok
2018-03-31 08:49:49 ::1 (pid 12520) :Pri:!INFO: meta compagnon_base_version: 1.0.0 en 1 secondes
2018-03-31 08:49:49 ::1 (pid 12520) :Pri:!INFO: MAJ terminee. compagnon_base_version: 1.0.0
2018-03-31 08:49:49 ::1 (pid 12520) :Pri:!INFO: maj meta forum_base_version_maj_init etape 0: maj_tables Array
2018-03-31 08:49:49 ::1 (pid 12520) :Pri:!INFO: forum_base_version_maj_init: ok
2018-03-31 08:49:49 ::1 (pid 12520) :Pri:!INFO: meta forum_base_version: init en 0 secondes
2018-03-31 08:49:49 ::1 (pid 12520) :Pri:!INFO: maj meta forum_base_version_maj_1.2.2 etape 0: inc_config_dist 
2018-03-31 08:49:49 ::1 (pid 12520) :Pri:!INFO: forum_base_version_maj_1.2.2: ok
2018-03-31 08:49:49 ::1 (pid 12520) :Pri:!INFO: meta forum_base_version: 1.2.2 en 0 secondes
2018-03-31 08:49:49 ::1 (pid 12520) :Pri:!INFO: MAJ terminee. forum_base_version: 1.2.2
2018-03-31 08:49:49 ::1 (pid 12520) :Pri:!INFO: maj meta mots_base_version_maj_init etape 0: maj_tables Array
2018-03-31 08:49:49 ::1 (pid 12520) :Pri:!INFO: mots_base_version_maj_init: ok
2018-03-31 08:49:49 ::1 (pid 12520) :Pri:!INFO: meta mots_base_version: init en 0 secondes
2018-03-31 08:49:49 ::1 (pid 12520) :Pri:!INFO: maj meta mots_base_version_maj_2.1.1 etape 0: inc_config_dist 
2018-03-31 08:49:49 ::1 (pid 12520) :Pri:!INFO: mots_base_version_maj_2.1.1: ok
2018-03-31 08:49:49 ::1 (pid 12520) :Pri:!INFO: meta mots_base_version: 2.1.1 en 0 secondes
2018-03-31 08:49:49 ::1 (pid 12520) :Pri:!INFO: MAJ terminee. mots_base_version: 2.1.1
2018-03-31 08:49:49 ::1 (pid 12520) :Pri:!INFO: maj meta organiseur_base_version_maj_1.1.0 etape 0: sql_updateq spip_messages,Array,statut='redac'
2018-03-31 08:49:49 ::1 (pid 12520) :Pri:!INFO: organiseur_base_version_maj_1.1.0: ok
2018-03-31 08:49:49 ::1 (pid 12520) :Pri:!INFO: maj meta organiseur_base_version_maj_1.1.0 etape 1: maj_tables Array
2018-03-31 08:49:49 ::1 (pid 12520) :Pri:!INFO: organiseur_base_version_maj_1.1.0: ok
2018-03-31 08:49:49 ::1 (pid 12520) :Pri:!INFO: meta organiseur_base_version: 1.1.0 en 0 secondes
2018-03-31 08:49:49 ::1 (pid 12520) :Pri:!INFO: maj meta organiseur_base_version_maj_1.1.1 etape 0: sql_alter TABLE spip_messages CHANGE id_auteur id_auteur bigint(21) DEFAULT 0 NOT NULL
2018-03-31 08:49:49 ::1 (pid 12520) :Pri:!INFO: organiseur_base_version_maj_1.1.1: ok
2018-03-31 08:49:49 ::1 (pid 12520) :Pri:!INFO: meta organiseur_base_version: 1.1.1 en 0 secondes
2018-03-31 08:49:49 ::1 (pid 12520) :Pri:!INFO: maj meta organiseur_base_version_maj_1.1.2 etape 0: maj_tables Array
2018-03-31 08:49:49 ::1 (pid 12520) :Pri:!INFO: organiseur_base_version_maj_1.1.2: ok
2018-03-31 08:49:49 ::1 (pid 12520) :Pri:!INFO: meta organiseur_base_version: 1.1.2 en 0 secondes
2018-03-31 08:49:49 ::1 (pid 12520) :Pri:!INFO: MAJ terminee. organiseur_base_version: 1.1.2
2018-03-31 08:49:49 ::1 (pid 12520) :Pri:!INFO: maj meta petitions_base_version_maj_init etape 0: maj_tables Array
2018-03-31 08:49:49 ::1 (pid 12520) :Pri:!INFO: petitions_base_version_maj_init: ok
2018-03-31 08:49:49 ::1 (pid 12520) :Pri:!INFO: meta petitions_base_version: init en 0 secondes
2018-03-31 08:49:49 ::1 (pid 12520) :Pri:!INFO: maj meta petitions_base_version_maj_1.1.6 etape 0: inc_config_dist 
2018-03-31 08:49:49 ::1 (pid 12520) :Pri:!INFO: petitions_base_version_maj_1.1.6: ok
2018-03-31 08:49:49 ::1 (pid 12520) :Pri:!INFO: meta petitions_base_version: 1.1.6 en 0 secondes
2018-03-31 08:49:49 ::1 (pid 12520) :Pri:!INFO: MAJ terminee. petitions_base_version: 1.1.6
2018-03-31 08:49:49 ::1 (pid 12520) :Pri:!INFO: maj meta revisions_base_version_maj_init etape 0: maj_tables Array
2018-03-31 08:49:49 ::1 (pid 12520) :Pri:!INFO: revisions_base_version_maj_init: ok
2018-03-31 08:49:49 ::1 (pid 12520) :Pri:!INFO: maj meta revisions_base_version_maj_init etape 1: revisions_upate_meta 
2018-03-31 08:49:49 ::1 (pid 12520) :Pri:!INFO: revisions_base_version_maj_init: ok
2018-03-31 08:49:49 ::1 (pid 12520) :Pri:!INFO: meta revisions_base_version: init en 0 secondes
2018-03-31 08:49:49 ::1 (pid 12520) :Pri:!INFO: maj meta revisions_base_version_maj_1.2.0 etape 0: inc_config_dist 
2018-03-31 08:49:49 ::1 (pid 12520) :Pri:!INFO: revisions_base_version_maj_1.2.0: ok
2018-03-31 08:49:49 ::1 (pid 12520) :Pri:!INFO: meta revisions_base_version: 1.2.0 en 0 secondes
2018-03-31 08:49:49 ::1 (pid 12520) :Pri:!INFO: MAJ terminee. revisions_base_version: 1.2.0
2018-03-31 08:49:49 ::1 (pid 12520) :Pri:!INFO: maj meta sites_base_version_maj_1.1.0 etape 0: sql_alter TABLE spip_syndic_articles DROP key url
2018-03-31 08:49:49 ::1 (pid 12520) :Pri:!INFO: sites_base_version_maj_1.1.0: ok
2018-03-31 08:49:49 ::1 (pid 12520) :Pri:!INFO: maj meta sites_base_version_maj_1.1.0 etape 1: sql_alter TABLE spip_syndic_articles CHANGE url url text DEFAULT '' NOT NULL
2018-03-31 08:49:49 ::1 (pid 12520) :Pri:!INFO: sites_base_version_maj_1.1.0: ok
2018-03-31 08:49:49 ::1 (pid 12520) :Pri:!INFO: maj meta sites_base_version_maj_1.1.0 etape 2: sql_alter TABLE spip_syndic_articles ADD INDEX url(url(255))
2018-03-31 08:49:49 ::1 (pid 12520) :Pri:!INFO: sites_base_version_maj_1.1.0: ok
2018-03-31 08:49:49 ::1 (pid 12520) :Pri:!INFO: meta sites_base_version: 1.1.0 en 0 secondes
2018-03-31 08:49:49 ::1 (pid 12520) :Pri:!INFO: maj meta sites_base_version_maj_1.1.1 etape 0: maj_tables Array
2018-03-31 08:49:49 ::1 (pid 12520) :Pri:!INFO: sites_base_version_maj_1.1.1: ok
2018-03-31 08:49:49 ::1 (pid 12520) :Pri:!INFO: meta sites_base_version: 1.1.1 en 0 secondes
2018-03-31 08:49:49 ::1 (pid 12520) :Pri:!INFO: MAJ terminee. sites_base_version: 1.1.1
2018-03-31 08:49:49 ::1 (pid 12520) :Pri:!INFO: maj meta stats_base_version_maj_1.0.1 etape 0: ecrire_meta activer_referers,oui
2018-03-31 08:49:49 ::1 (pid 12520) :Pri:!INFO: stats_base_version_maj_1.0.1: ok
2018-03-31 08:49:49 ::1 (pid 12520) :Pri:!INFO: meta stats_base_version: 1.0.1 en 0 secondes
2018-03-31 08:49:49 ::1 (pid 12520) :Pri:!INFO: MAJ terminee. stats_base_version: 1.0.1
2018-03-31 08:49:49 ::1 (pid 12520) :Pri:!INFO: maj meta svp_base_version_maj_init etape 0: maj_tables Array
2018-03-31 08:49:49 ::1 (pid 12520) :Pri:!INFO: svp_base_version_maj_init: ok
2018-03-31 08:49:49 ::1 (pid 12520) :Pri:!INFO: meta svp_base_version: init en 0 secondes
2018-03-31 08:49:49 ::1 (pid 12520) :Pri:!INFO: maj meta svp_base_version_maj_0.5.1 etape 0: inc_config_dist 
2018-03-31 08:49:49 ::1 (pid 12520) :Pri:!INFO: svp_base_version_maj_0.5.1: ok
2018-03-31 08:49:49 ::1 (pid 12520) :Pri:!INFO: meta svp_base_version: 0.5.1 en 0 secondes
2018-03-31 08:49:49 ::1 (pid 12520) :Pri:!INFO: MAJ terminee. svp_base_version: 0.5.1
2018-03-31 08:49:49 ::1 (pid 12520) :Pri:!INFO: maj meta urls_base_version_maj_init etape 0: maj_tables Array
2018-03-31 08:49:49 ::1 (pid 12520) :Pri:!INFO: urls_base_version_maj_init: ok
2018-03-31 08:49:49 ::1 (pid 12520) :Pri:!INFO: meta urls_base_version: init en 0 secondes
2018-03-31 08:49:49 ::1 (pid 12520) :Pri:!INFO: maj meta urls_base_version_maj_2.0.0 etape 0: inc_config_dist 
2018-03-31 08:49:49 ::1 (pid 12520) :Pri:!INFO: urls_base_version_maj_2.0.0: ok
2018-03-31 08:49:49 ::1 (pid 12520) :Pri:!INFO: meta urls_base_version: 2.0.0 en 0 secondes
2018-03-31 08:49:49 ::1 (pid 12520) :Pri:!INFO: MAJ terminee. urls_base_version: 2.0.0
2018-03-31 08:49:49 ::1 (pid 12520) :Pri:!INFO: maj meta medias_base_version_maj_init etape 0: maj_tables Array
2018-03-31 08:49:49 ::1 (pid 12520) :Pri:!INFO: medias_base_version_maj_init: ok
2018-03-31 08:49:49 ::1 (pid 12520) :Pri:!INFO: maj meta medias_base_version_maj_init etape 1: creer_base_types_doc 
2018-03-31 08:49:50 ::1 (pid 12520) :Pri:!INFO: medias_base_version_maj_init: ok
2018-03-31 08:49:50 ::1 (pid 12520) :Pri:!INFO: meta medias_base_version: init en 1 secondes
2018-03-31 08:49:50 ::1 (pid 12520) :Pri:!INFO: maj meta medias_base_version_maj_1.3.5 etape 0: inc_config_dist 
2018-03-31 08:49:50 ::1 (pid 12520) :Pri:!INFO: medias_base_version_maj_1.3.5: ok
2018-03-31 08:49:50 ::1 (pid 12520) :Pri:!INFO: meta medias_base_version: 1.3.5 en 1 secondes
2018-03-31 08:49:50 ::1 (pid 12520) :Pri:!INFO: MAJ terminee. medias_base_version: 1.3.5
