2018-03-31 08:42:42 ::1 (pid 12520) :Pub:!INFO: spip_connect: fichier de connexion '' non trouve
2018-03-31 08:43:18 ::1 (pid 12520) :Pri:!INFO: spip_connect: fichier de connexion '' non trouve
2018-03-31 08:49:48 ::1 (pid 12520) :Pri:cf maj.log
2018-03-31 08:49:48 ::1 (pid 12520) :Pri:cf maj.log
2018-03-31 08:49:48 ::1 (pid 12520) :Pri:cf maj.log
2018-03-31 08:49:48 ::1 (pid 12520) :Pri:cf maj.log
2018-03-31 08:49:49 ::1 (pid 12520) :Pri:cf maj.log
2018-03-31 08:49:49 ::1 (pid 12520) :Pri:cf maj.log
2018-03-31 08:49:49 ::1 (pid 12520) :Pri:cf maj.log
2018-03-31 08:49:49 ::1 (pid 12520) :Pri:cf maj.log
2018-03-31 08:49:49 ::1 (pid 12520) :Pri:cf maj.log
2018-03-31 08:49:49 ::1 (pid 12520) :Pri:cf maj.log
2018-03-31 08:49:49 ::1 (pid 12520) :Pri:cf maj.log
2018-03-31 08:49:49 ::1 (pid 12520) :Pri:cf maj.log
2018-03-31 08:49:49 ::1 (pid 12520) :Pri:cf maj.log
2018-03-31 08:49:49 ::1 (pid 12520) :Pri:cf maj.log
2018-03-31 08:49:49 ::1 (pid 12520) :Pri:ERREUR: Erreur mysql 1146
2018-03-31 08:49:49 ::1 (pid 12520) :Pri:ERREUR: Erreur mysql 1146
2018-03-31 08:49:49 ::1 (pid 12520) :Pri:!INFO: trouver_table: table inconnue '' 'spip_mots_articles'
2018-03-31 08:49:49 ::1 (pid 12520) :Pri:cf maj.log
2018-03-31 08:49:49 ::1 (pid 12520) :Pri:cf maj.log
2018-03-31 08:49:49 ::1 (pid 12520) :Pri:cf maj.log
2018-03-31 08:49:49 ::1 (pid 12520) :Pri:cf maj.log
2018-03-31 08:49:49 ::1 (pid 12520) :Pri:cf maj.log
2018-03-31 08:49:49 ::1 (pid 12520) :Pri:cf maj.log
2018-03-31 08:49:49 ::1 (pid 12520) :Pri:cf maj.log
2018-03-31 08:49:49 ::1 (pid 12520) :Pri:cf maj.log
2018-03-31 08:49:49 ::1 (pid 12520) :Pri:cf maj.log
2018-03-31 08:49:49 ::1 (pid 12520) :Pri:cf maj.log
2018-03-31 08:49:49 ::1 (pid 12520) :Pri:cf maj.log
2018-03-31 08:49:49 ::1 (pid 12520) :Pri:cf maj.log
2018-03-31 08:49:49 ::1 (pid 12520) :Pri:cf maj.log
2018-03-31 08:49:49 ::1 (pid 12520) :Pri:cf maj.log
2018-03-31 08:49:49 ::1 (pid 12520) :Pri:cf maj.log
2018-03-31 08:49:49 ::1 (pid 12520) :Pri:cf maj.log
2018-03-31 08:49:49 ::1 (pid 12520) :Pri:cf maj.log
2018-03-31 08:49:49 ::1 (pid 12520) :Pri:cf maj.log
2018-03-31 08:49:49 ::1 (pid 12520) :Pri:cf maj.log
2018-03-31 08:49:49 ::1 (pid 12520) :Pri:cf maj.log
2018-03-31 08:49:49 ::1 (pid 12520) :Pri:cf maj.log
2018-03-31 08:49:49 ::1 (pid 12520) :Pri:cf maj.log
2018-03-31 08:49:49 ::1 (pid 12520) :Pri:cf maj.log
2018-03-31 08:49:49 ::1 (pid 12520) :Pri:cf maj.log
2018-03-31 08:49:49 ::1 (pid 12520) :Pri:cf maj.log
2018-03-31 08:49:49 ::1 (pid 12520) :Pri:cf maj.log
2018-03-31 08:49:49 ::1 (pid 12520) :Pri:cf maj.log
2018-03-31 08:49:49 ::1 (pid 12520) :Pri:cf maj.log
2018-03-31 08:49:49 ::1 (pid 12520) :Pri:cf maj.log
2018-03-31 08:49:49 ::1 (pid 12520) :Pri:cf maj.log
2018-03-31 08:49:49 ::1 (pid 12520) :Pri:cf maj.log
2018-03-31 08:49:49 ::1 (pid 12520) :Pri:cf maj.log
2018-03-31 08:49:49 ::1 (pid 12520) :Pri:cf maj.log
2018-03-31 08:49:49 ::1 (pid 12520) :Pri:cf maj.log
2018-03-31 08:49:49 ::1 (pid 12520) :Pri:cf maj.log
2018-03-31 08:49:49 ::1 (pid 12520) :Pri:cf maj.log
2018-03-31 08:49:49 ::1 (pid 12520) :Pri:cf maj.log
2018-03-31 08:49:49 ::1 (pid 12520) :Pri:cf maj.log
2018-03-31 08:49:49 ::1 (pid 12520) :Pri:cf maj.log
2018-03-31 08:49:49 ::1 (pid 12520) :Pri:cf maj.log
2018-03-31 08:49:49 ::1 (pid 12520) :Pri:cf maj.log
2018-03-31 08:49:49 ::1 (pid 12520) :Pri:cf maj.log
2018-03-31 08:49:49 ::1 (pid 12520) :Pri:cf maj.log
2018-03-31 08:49:49 ::1 (pid 12520) :Pri:cf maj.log
2018-03-31 08:49:49 ::1 (pid 12520) :Pri:cf maj.log
2018-03-31 08:49:49 ::1 (pid 12520) :Pri:cf maj.log
2018-03-31 08:49:49 ::1 (pid 12520) :Pri:cf maj.log
2018-03-31 08:49:49 ::1 (pid 12520) :Pri:cf maj.log
2018-03-31 08:49:49 ::1 (pid 12520) :Pri:cf maj.log
2018-03-31 08:49:49 ::1 (pid 12520) :Pri:cf maj.log
2018-03-31 08:49:49 ::1 (pid 12520) :Pri:cf maj.log
2018-03-31 08:49:49 ::1 (pid 12520) :Pri:cf maj.log
2018-03-31 08:49:49 ::1 (pid 12520) :Pri:cf maj.log
2018-03-31 08:49:49 ::1 (pid 12520) :Pri:cf maj.log
2018-03-31 08:49:49 ::1 (pid 12520) :Pri:cf maj.log
2018-03-31 08:49:49 ::1 (pid 12520) :Pri:cf maj.log
2018-03-31 08:49:49 ::1 (pid 12520) :Pri:cf maj.log
2018-03-31 08:49:49 ::1 (pid 12520) :Pri:cf maj.log
2018-03-31 08:49:49 ::1 (pid 12520) :Pri:cf maj.log
2018-03-31 08:49:49 ::1 (pid 12520) :Pri:cf maj.log
2018-03-31 08:49:49 ::1 (pid 12520) :Pri:cf maj.log
2018-03-31 08:49:49 ::1 (pid 12520) :Pri:cf maj.log
2018-03-31 08:49:49 ::1 (pid 12520) :Pri:cf maj.log
2018-03-31 08:49:49 ::1 (pid 12520) :Pri:cf maj.log
2018-03-31 08:49:49 ::1 (pid 12520) :Pri:cf maj.log
2018-03-31 08:49:49 ::1 (pid 12520) :Pri:cf maj.log
2018-03-31 08:49:49 ::1 (pid 12520) :Pri:cf maj.log
2018-03-31 08:49:50 ::1 (pid 12520) :Pri:cf maj.log
2018-03-31 08:49:50 ::1 (pid 12520) :Pri:cf maj.log
2018-03-31 08:49:50 ::1 (pid 12520) :Pri:cf maj.log
2018-03-31 08:49:50 ::1 (pid 12520) :Pri:cf maj.log
2018-03-31 08:49:50 ::1 (pid 12520) :Pri:cf maj.log
2018-03-31 08:49:50 ::1 (pid 12520) :Pri:cf maj.log
2018-03-31 08:49:59 ::1 (pid 12520) :Pri:!INFO: Creation du cache 364969e1b393c7d0de049a82e06dcef5.cache pour 604800 secondes
2018-03-31 08:49:59 ::1 (pid 12520) :Pri:!INFO: Creation du cache 6913f3a15bfc15b7f67862568ca8565f.cache pour 360000 secondes
2018-03-31 08:49:59 ::1 (pid 12520) :Pri:!INFO: Creation du cache 05289375d1999aa70d9ae5e0053a4797.cache pour 360000 secondes
2018-03-31 08:49:59 ::1 (pid 12520) :Pri:!INFO: Creation du cache 98781fc9c7cde34ceb4fbd677d22c647.cache pour 360000 secondes
2018-03-31 08:49:59 ::1 (pid 12520) :Pri:!INFO: Creation du cache e0b7e0ecb991ad0ace54ed5563b70771.cache pour 360000 secondes
2018-03-31 08:50:00 ::1 (pid 12520) :Pri:!INFO: Creation du cache 982977305f83e44974d7cbed1036557d.cache pour 360000 secondes
2018-03-31 08:50:00 ::1 (pid 12520) :Pri:!INFO: Creation du cache ca2395c467fee0acfbdbb6d0e02c3d27.cache pour 360000 secondes
2018-03-31 08:50:00 ::1 (pid 12520) :Pri:!INFO: Creation du cache 884593f8e75bd97990b812aeeb64e213.cache pour 360000 secondes
2018-03-31 08:50:00 ::1 (pid 12520) :Pri:!INFO: Creation du cache 6c2f3bbdffc45d67de3a5e3a94018846.cache pour 360000 secondes
2018-03-31 08:50:00 ::1 (pid 12520) :Pri:!INFO: Creation du cache ee415259ac8d864a4ee778857bb4231b.cache pour 360000 secondes
2018-03-31 08:50:00 ::1 (pid 12520) :Pri:!INFO: Creation du cache a3e95b1430707265524d1de41101fbdf.cache pour 360000 secondes
2018-03-31 08:50:00 ::1 (pid 12520) :Pri:!INFO: Creation du cache dc022e649d3169eae409a09d59c0b836.cache pour 360000 secondes
2018-03-31 08:50:00 ::1 (pid 12520) :Pri:!INFO: Creation du cache 52e49b10c222b3746540ffa92b41f41f.cache pour 360000 secondes
2018-03-31 08:50:00 ::1 (pid 12520) :Pri:!INFO: Creation du cache 23d76dabf02c5f33e37a17c2d08e74e7.cache pour 360000 secondes
2018-03-31 08:50:00 ::1 (pid 12520) :Pri:!INFO: Creation du cache a9428bccdeb911c8f91b7cc3c8aa16b8.cache pour 360000 secondes
2018-03-31 08:50:00 ::1 (pid 12520) :Pri:!INFO: Creation du cache 3dc6f449e8dd1d62da736762fde930f5.cache pour 360000 secondes
2018-03-31 08:50:00 ::1 (pid 12520) :Pri:!INFO: Creation du cache 7799762efe41ae3818c079a2ae3980c9.cache pour 360000 secondes
2018-03-31 08:50:00 ::1 (pid 12520) :Pri:!INFO: Creation du cache 72c45aa1bf1a71c66563b6df41f0e67f.cache pour 360000 secondes
2018-03-31 08:50:00 ::1 (pid 12520) :Pri:!INFO: Creation du cache 4b1851382aea3a9d03e167266e2fb78a.cache pour 360000 secondes
2018-03-31 08:50:00 ::1 (pid 12520) :Pri:!INFO: Creation du cache 73aad130aaa5a49f87f9394e0db6288a.cache pour 360000 secondes
2018-03-31 08:50:00 ::1 (pid 12520) :Pri:!INFO: Creation du cache 99b4340647bf57e7a4599f59390c092b.cache pour 360000 secondes
2018-03-31 08:50:00 ::1 (pid 12520) :Pri:!INFO: Creation du cache 2c204ba08746fec2596013f65e75a387.cache pour 360000 secondes
2018-03-31 08:50:00 ::1 (pid 12520) :Pri:!INFO: Creation du cache 402dbe394b2a64ff9c4fdc37fe443756.cache pour 360000 secondes
2018-03-31 08:50:00 ::1 (pid 12520) :Pri:!INFO: Creation du cache 0308c14f7069ce3ebe45cd929ac6acd0.cache pour 360000 secondes
2018-03-31 08:50:01 ::1 (pid 12520) :Pri:!INFO: Creation du cache 721e23c80c2cc6012d845617d419c4d4.cache pour 360000 secondes
2018-03-31 08:50:01 ::1 (pid 12520) :Pri:!INFO: Creation du cache e6eb68a2ca22127bac4df39f52602fe2.cache pour 360000 secondes
2018-03-31 08:50:01 ::1 (pid 12520) :Pri:!INFO: Creation du cache 3149d7aaa4646795022c3b866c7abaab.cache pour 360000 secondes
2018-03-31 08:50:04 ::1 (pid 12520) :Pri:!INFO: Creation du cache 2e27bf36756d630aafd9d83ae6f9ee38.cache pour 86400 secondes
2018-03-31 08:50:39 ::1 (pid 12520) :Pub:!INFO: Creation du cache 5e6ff98e6affb411ae829d3aec76e3d4.cache pour 86400 secondes
2018-03-31 08:50:40 ::1 (pid 12520) :Pub:!INFO: Creation du cache 01f8d47876a3615aadc70b5b1c5695aa.cache pour 86400 secondes
2018-03-31 08:50:40 ::1 (pid 12520) :Pub:!INFO: Creation du cache c26f22701ad1482a6ea7498b8014ab64.cache pour 604800 secondes
2018-03-31 08:50:40 ::1 (pid 12520) :Pub:!INFO: Creation du cache ee8010794cf14a58d8e1f33642aa69e2.cache pour 86400 secondes
2018-03-31 08:50:40 ::1 (pid 12520) :Pub:!INFO: Creation du cache cb55437b1b50c478b655526a5cee8003.cache pour 86400 secondes
2018-03-31 08:50:40 ::1 (pid 12520) :Pub:!INFO: Creation du cache 2f9c52a0233ce001c000ba5230e566cd.cache pour 86400 secondes
2018-03-31 08:50:40 ::1 (pid 12520) :Pub:!INFO: Creation du cache 6da23dacdfbdb1d2d57ee70afb08dbab.cache pour 86400 secondes
2018-03-31 08:50:40 ::1 (pid 12520) :Pub:!INFO: Creation du cache 017907aaa9438df8fa76f0b35517d473.cache pour 86400 secondes
2018-03-31 08:50:40 ::1 (pid 12520) :Pub:!INFO: Creation du cache 9ae26644de0c34b91d01f3c995dc05cc.cache pour 3600 secondes
2018-03-31 08:50:40 ::1 (pid 12520) :Pub:!INFO: Creation du cache 444a1de3524734a6643b132e1904c11d.cache pour 86400 secondes
2018-03-31 08:50:49 ::1 (pid 12520) :Pri:!INFO: Creation du cache a02144c672238776c67cfd900f830d9e.cache pour 86400 secondes
2018-03-31 08:52:19 ::1 (pid 12520) :Pri:!INFO: Creation du cache 04768219e125e7964f78f70a230c5c40.cache pour 86400 secondes
2018-03-31 08:53:17 ::1 (pid 12520) :Pri:ERREUR: fonction execute_pipeline_notifications_destinataires absente : pipeline desactive
2018-03-31 08:53:24 ::1 (pid 12520) :Pri:!INFO: Creation du cache 2e82bcd0d6705f14ae98c294fd47e017.cache pour 86400 secondes
2018-03-31 08:53:35 ::1 (pid 12520) :Pri:ERREUR: fonction execute_pipeline_notifications_destinataires absente : pipeline desactive
2018-03-31 08:53:38 ::1 (pid 12520) :Pri:!INFO: Creation du cache 2e82bcd0d6705f14ae98c294fd47e017.cache pour 86400 secondes
2018-03-31 09:01:26 ::1 (pid 12520) :Pri:!INFO: Creation du cache 9f58dbe87778696d07e42c8c767041e6.cache pour 86400 secondes
2018-03-31 09:01:47 ::1 (pid 12520) :Pri:!INFO: Creation du cache 9f58dbe87778696d07e42c8c767041e6.cache pour 86400 secondes
2018-03-31 09:28:07 ::1 (pid 12520) :Pri:!INFO: Creation du cache 772e5c860df4ec938b448babfc128ad4.cache pour 86400 secondes
2018-03-31 09:49:26 ::1 (pid 12520) :Pri:!INFO: Creation du cache e895e886799502f4610e75518399faf7.cache pour 86400 secondes
2018-03-31 09:49:51 ::1 (pid 12520) :Pri:!INFO: Creation du cache 964a83f01d8d5fba898fda9fc3d5ae7e.cache pour 86400 secondes
2018-03-31 09:53:55 ::1 (pid 12520) :Pub:!INFO: Creation du cache 5e6ff98e6affb411ae829d3aec76e3d4.cache pour 86400 secondes
2018-03-31 09:53:55 ::1 (pid 12520) :Pub:!INFO: Creation du cache 01f8d47876a3615aadc70b5b1c5695aa.cache pour 86400 secondes
2018-03-31 09:53:55 ::1 (pid 12520) :Pub:!INFO: Creation du cache ee8010794cf14a58d8e1f33642aa69e2.cache pour 86400 secondes
2018-03-31 09:53:55 ::1 (pid 12520) :Pub:!INFO: Creation du cache cb55437b1b50c478b655526a5cee8003.cache pour 86400 secondes
2018-03-31 09:53:55 ::1 (pid 12520) :Pub:!INFO: Creation du cache ca3380eabe05e987a8f2bf21cd33920e.cache pour 86400 secondes
2018-03-31 09:53:56 ::1 (pid 12520) :Pub:!INFO: Creation du cache 2067ae14c6aa6f04ed7b3737522bcf63.cache pour 86400 secondes
2018-03-31 09:53:56 ::1 (pid 12520) :Pub:!INFO: Creation du cache 017907aaa9438df8fa76f0b35517d473.cache pour 86400 secondes
2018-03-31 09:53:56 ::1 (pid 12520) :Pub:!INFO: Creation du cache 9ae26644de0c34b91d01f3c995dc05cc.cache pour 3600 secondes
2018-03-31 09:53:56 ::1 (pid 12520) :Pub:!INFO: Creation du cache 22bb3cfafeaea12b9a55d086c20297da.cache pour 86400 secondes
2018-03-31 09:54:03 ::1 (pid 12520) :Pub:ERREUR: Erreur mysql 1146
2018-03-31 09:54:03 ::1 (pid 12520) :Pub:ERREUR: Erreur mysql 1146
2018-03-31 09:54:03 ::1 (pid 12520) :Pub:!INFO: trouver_table: table inconnue '' 'spip_articles_liens'
2018-03-31 09:54:03 ::1 (pid 12520) :Pub:ERREUR: Erreur mysql 1146
2018-03-31 09:54:03 ::1 (pid 12520) :Pub:ERREUR: Erreur mysql 1146
2018-03-31 09:54:03 ::1 (pid 12520) :Pub:!INFO: trouver_table: table inconnue '' 'spip_rubriques_liens'
2018-03-31 09:54:03 ::1 (pid 12520) :Pub:ERREUR: Erreur mysql 1146
2018-03-31 09:54:03 ::1 (pid 12520) :Pub:ERREUR: Erreur mysql 1146
2018-03-31 09:54:03 ::1 (pid 12520) :Pub:!INFO: trouver_table: table inconnue '' 'spip_breves_liens'
2018-03-31 09:54:03 ::1 (pid 12520) :Pub:ERREUR: Erreur mysql 1146
2018-03-31 09:54:03 ::1 (pid 12520) :Pub:ERREUR: Erreur mysql 1146
2018-03-31 09:54:03 ::1 (pid 12520) :Pub:!INFO: trouver_table: table inconnue '' 'spip_forum_liens'
2018-03-31 09:54:03 ::1 (pid 12520) :Pub:ERREUR: Erreur mysql 1146
2018-03-31 09:54:03 ::1 (pid 12520) :Pub:ERREUR: Erreur mysql 1146
2018-03-31 09:54:03 ::1 (pid 12520) :Pub:!INFO: trouver_table: table inconnue '' 'spip_syndic_liens'
2018-03-31 09:54:03 ::1 (pid 12520) :Pub:!INFO: Creation du cache 64860878d668a63cb49cc65a42df939d.cache pour 86400 secondes
2018-03-31 09:54:03 ::1 (pid 12520) :Pub:!INFO: Creation du cache 624dbabbb1340a96c9d9422540d691e7.cache pour 86400 secondes
2018-03-31 09:54:03 ::1 (pid 12520) :Pub:!INFO: Creation du cache 7f3fafc49ab7a6ac1e11962392625418.cache pour 86400 secondes
2018-03-31 09:54:03 ::1 (pid 12520) :Pub:!INFO: Creation du cache 34148db8b67b1c300a9ef0f701d14144.cache pour 86400 secondes
2018-03-31 09:54:03 ::1 (pid 12520) :Pub:!INFO: Creation du cache 86a939daf7f25d5ae0804dc01644e051.cache pour 86400 secondes
2018-03-31 09:54:03 ::1 (pid 12520) :Pub:!INFO: Creation du cache 6a13c1aed7b950cfbaad24cf34690cce.cache pour 3600 secondes
2018-03-31 09:54:03 ::1 (pid 12520) :Pub:!INFO: Creation du cache c4315d023207f57b419e4a6ba1b8f8c4.cache pour 86400 secondes
2018-03-31 09:54:06 ::1 (pid 12520) :Pub:!INFO: Creation du cache 72be96f07bdc9a8936980f2ad795e093.cache pour 86400 secondes
2018-03-31 09:54:09 ::1 (pid 12520) :Pub:!INFO: Creation du cache 5227ec494c34ec00361b999964b5fe45.cache pour 86400 secondes
2018-03-31 09:54:13 ::1 (pid 12520) :Pub:!INFO: Creation du cache b24e0d63f51d0fe9cb755283646b614c.cache pour 86400 secondes
2018-03-31 09:54:13 ::1 (pid 12520) :Pub:!INFO: Creation du cache 2dc6132a8f8d08e26b86e4ffd6c68366.cache pour 86400 secondes
2018-03-31 09:54:13 ::1 (pid 12520) :Pub:!INFO: Creation du cache c28fdf25f1d3eee9372ecdd6d04fe868.cache pour 86400 secondes
2018-03-31 09:54:13 ::1 (pid 12520) :Pub:!INFO: Creation du cache c50ea9e5b0ef79abfc48d134696dd95e.cache pour 86400 secondes
2018-03-31 09:54:13 ::1 (pid 12520) :Pub:!INFO: Creation du cache 1908ab193f3550bcd41c8d00f99d0efd.cache pour 3600 secondes
2018-03-31 09:54:13 ::1 (pid 12520) :Pub:!INFO: Creation du cache c1ba81259fbd405bf02cb2899145a9d2.cache pour 3600 secondes
2018-03-31 09:54:13 ::1 (pid 12520) :Pub:!INFO: Creation du cache 016fd3b02a780b132d820eac98df7039.cache pour 3600 secondes
2018-03-31 09:54:13 ::1 (pid 12520) :Pub:!INFO: Creation du cache 2f865e5f642dc318090cfee40df89b2c.cache pour 86400 secondes
2018-03-31 09:54:13 ::1 (pid 12520) :Pub:!INFO: Creation du cache 97d2cddef2a4ee7da1225c7f98af909e.cache pour 86400 secondes
2018-03-31 09:54:40 ::1 (pid 12520) :Pub:!INFO: Creation du cache 5e6ff98e6affb411ae829d3aec76e3d4.cache pour 86400 secondes
2018-03-31 09:54:41 ::1 (pid 12520) :Pub:!INFO: Creation du cache 01f8d47876a3615aadc70b5b1c5695aa.cache pour 86400 secondes
2018-03-31 09:54:41 ::1 (pid 12520) :Pub:!INFO: Creation du cache c26f22701ad1482a6ea7498b8014ab64.cache pour 604800 secondes
2018-03-31 09:54:41 ::1 (pid 12520) :Pub:!INFO: Creation du cache ee8010794cf14a58d8e1f33642aa69e2.cache pour 86400 secondes
2018-03-31 09:54:41 ::1 (pid 12520) :Pub:!INFO: Creation du cache cb55437b1b50c478b655526a5cee8003.cache pour 86400 secondes
2018-03-31 09:54:41 ::1 (pid 12520) :Pub:!INFO: Creation du cache 4279f87ff128f31a744d8cf80e7afd0e.cache pour 86400 secondes
2018-03-31 09:54:41 ::1 (pid 12520) :Pub:!INFO: Creation du cache f8d78e53152f9f9b2bb480fde51bdeaf.cache pour 86400 secondes
2018-03-31 09:54:41 ::1 (pid 12520) :Pub:!INFO: Creation du cache 017907aaa9438df8fa76f0b35517d473.cache pour 86400 secondes
2018-03-31 09:54:41 ::1 (pid 12520) :Pub:!INFO: Creation du cache 9ae26644de0c34b91d01f3c995dc05cc.cache pour 3600 secondes
2018-03-31 09:54:41 ::1 (pid 12520) :Pub:!INFO: Creation du cache cf1455c6d7c6487b5d6566062d25202f.cache pour 86400 secondes
2018-03-31 11:13:03 ::1 (pid 12520) :Pri:!INFO: Creation du cache d81922ec46514b1dec98126c596c5c6c.cache pour 86400 secondes
2018-03-31 11:13:07 ::1 (pid 12520) :Pri:!INFO: Creation du cache abbc7e7c2ba1ce40af62b09cb4b1a253.cache pour 86400 secondes
2018-03-31 11:16:44 ::1 (pid 12520) :Pri:!INFO: Creation du cache e9e9974fe69073d360ead8cdaea3e5e9.cache pour 86400 secondes
2018-03-31 11:23:04 ::1 (pid 12520) :Pri:!INFO: Creation du cache b092e04d27828e5f830711420b6dc651.cache pour 86400 secondes
2018-03-31 11:23:07 ::1 (pid 12520) :Pri:!INFO: Creation du cache a059ac7dcb009a9d6fd47e5d35a7da6d.cache pour 86400 secondes
2018-03-31 14:10:10 ::1 (pid 12520) :Pub:!INFO: Creation du cache 9ae26644de0c34b91d01f3c995dc05cc.cache pour 3600 secondes
2018-03-31 14:10:10 ::1 (pid 12520) :Pub:!INFO: Creation du cache 7f06ff4d527a80072e47a5641bf12b64.cache pour 86400 secondes
2018-03-31 14:10:14 ::1 (pid 12520) :Pub:!INFO: Creation du cache 5e6ff98e6affb411ae829d3aec76e3d4.cache pour 86400 secondes
2018-03-31 14:10:14 ::1 (pid 12520) :Pub:!INFO: Creation du cache 01f8d47876a3615aadc70b5b1c5695aa.cache pour 86400 secondes
2018-03-31 14:10:15 ::1 (pid 12520) :Pub:!INFO: Creation du cache c26f22701ad1482a6ea7498b8014ab64.cache pour 604800 secondes
2018-03-31 14:10:15 ::1 (pid 12520) :Pub:!INFO: Creation du cache ee8010794cf14a58d8e1f33642aa69e2.cache pour 86400 secondes
2018-03-31 14:10:15 ::1 (pid 12520) :Pub:!INFO: Creation du cache cb55437b1b50c478b655526a5cee8003.cache pour 86400 secondes
2018-03-31 14:10:15 ::1 (pid 12520) :Pub:!INFO: Creation du cache 1d745a2322e53b0a76a7e8d24aaf161d.cache pour 86400 secondes
2018-03-31 14:10:15 ::1 (pid 12520) :Pub:!INFO: Creation du cache e2d977bdaa31929451a0f8b51f8687b3.cache pour 86400 secondes
2018-03-31 14:10:15 ::1 (pid 12520) :Pub:!INFO: Creation du cache 017907aaa9438df8fa76f0b35517d473.cache pour 86400 secondes
2018-03-31 14:10:15 ::1 (pid 12520) :Pub:!INFO: Creation du cache 9ae26644de0c34b91d01f3c995dc05cc.cache pour 3600 secondes
2018-03-31 14:10:15 ::1 (pid 12520) :Pub:!INFO: Creation du cache 9fbad033d2469ee3bfc5a595df626de9.cache pour 86400 secondes
2018-03-31 14:10:37 ::1 (pid 12520) :Pub:!INFO: Creation du cache cc1a1b48d0f2f8fae21ccbddc17aebee.cache pour 86400 secondes
2018-03-31 14:10:37 ::1 (pid 12520) :Pub:!INFO: Creation du cache 0304284506bd3365c785b2bff24809e9.cache pour 86400 secondes
2018-03-31 14:10:40 ::1 (pid 12520) :Pub:!INFO: Creation du cache c926f56ce6d44eac61fdef4abfac688e.cache pour 86400 secondes
2018-03-31 14:10:41 ::1 (pid 12520) :Pub:!INFO: Creation du cache 9bbf5c97de9c2e0a4ee2f77c0ca8d2a6.cache pour 86400 secondes
2018-03-31 14:13:48 ::1 (pid 12520) :Pub:!INFO: Creation du cache 8fe4c30da161becf8d391cb26a5a7564.cache pour 86400 secondes
2018-03-31 14:19:50 ::1 (pid 12520) :Pub:!INFO: Creation du cache 5e6ff98e6affb411ae829d3aec76e3d4.cache pour 86400 secondes
2018-03-31 14:19:51 ::1 (pid 12520) :Pub:!INFO: Creation du cache 01f8d47876a3615aadc70b5b1c5695aa.cache pour 86400 secondes
2018-03-31 14:19:51 ::1 (pid 12520) :Pub:!INFO: Creation du cache c26f22701ad1482a6ea7498b8014ab64.cache pour 604800 secondes
2018-03-31 14:19:51 ::1 (pid 12520) :Pub:!INFO: Creation du cache ee8010794cf14a58d8e1f33642aa69e2.cache pour 86400 secondes
2018-03-31 14:19:51 ::1 (pid 12520) :Pub:!INFO: Creation du cache cb55437b1b50c478b655526a5cee8003.cache pour 86400 secondes
2018-03-31 14:19:51 ::1 (pid 12520) :Pub:!INFO: Creation du cache 3cb4d5ed6f7bc94b39b8b62be111d1f7.cache pour 86400 secondes
2018-03-31 14:19:51 ::1 (pid 12520) :Pub:!INFO: Creation du cache d544b48ddad6bcdbb05970e302d0c81c.cache pour 86400 secondes
2018-03-31 14:19:51 ::1 (pid 12520) :Pub:!INFO: Creation du cache 017907aaa9438df8fa76f0b35517d473.cache pour 86400 secondes
2018-03-31 14:19:51 ::1 (pid 12520) :Pub:!INFO: Creation du cache 9ae26644de0c34b91d01f3c995dc05cc.cache pour 3600 secondes
2018-03-31 14:19:51 ::1 (pid 12520) :Pub:!INFO: Creation du cache e1f9c11ad7e1b04924a34d57bfe8042b.cache pour 86400 secondes
2018-03-31 14:20:45 ::1 (pid 12520) :Pub:!INFO: Creation du cache 5e6ff98e6affb411ae829d3aec76e3d4.cache pour 86400 secondes
2018-03-31 14:20:45 ::1 (pid 12520) :Pub:!INFO: Creation du cache 01f8d47876a3615aadc70b5b1c5695aa.cache pour 86400 secondes
2018-03-31 14:20:46 ::1 (pid 12520) :Pub:!INFO: Creation du cache c26f22701ad1482a6ea7498b8014ab64.cache pour 604800 secondes
2018-03-31 14:20:46 ::1 (pid 12520) :Pub:!INFO: Creation du cache ee8010794cf14a58d8e1f33642aa69e2.cache pour 86400 secondes
2018-03-31 14:20:46 ::1 (pid 12520) :Pub:!INFO: Creation du cache cb55437b1b50c478b655526a5cee8003.cache pour 86400 secondes
2018-03-31 14:20:46 ::1 (pid 12520) :Pub:!INFO: Creation du cache 2e90d215e58f173a8025fc1c3b272e30.cache pour 86400 secondes
2018-03-31 14:20:46 ::1 (pid 12520) :Pub:!INFO: Creation du cache 34d19abf464ccf8cc2fd64367370d899.cache pour 86400 secondes
2018-03-31 14:20:46 ::1 (pid 12520) :Pub:!INFO: Creation du cache 017907aaa9438df8fa76f0b35517d473.cache pour 86400 secondes
2018-03-31 14:20:46 ::1 (pid 12520) :Pub:!INFO: Creation du cache 9ae26644de0c34b91d01f3c995dc05cc.cache pour 3600 secondes
2018-03-31 14:20:46 ::1 (pid 12520) :Pub:!INFO: Creation du cache 94f8434223a728006f43e9be630a9202.cache pour 86400 secondes
2018-03-31 14:20:50 ::1 (pid 12520) :Pub:!INFO: Creation du cache 5e6ff98e6affb411ae829d3aec76e3d4.cache pour 86400 secondes
2018-03-31 14:20:50 ::1 (pid 12520) :Pub:!INFO: Creation du cache 01f8d47876a3615aadc70b5b1c5695aa.cache pour 86400 secondes
2018-03-31 14:20:50 ::1 (pid 12520) :Pub:!INFO: Creation du cache c26f22701ad1482a6ea7498b8014ab64.cache pour 604800 secondes
2018-03-31 14:20:50 ::1 (pid 12520) :Pub:!INFO: Creation du cache ee8010794cf14a58d8e1f33642aa69e2.cache pour 86400 secondes
2018-03-31 14:20:50 ::1 (pid 12520) :Pub:!INFO: Creation du cache cb55437b1b50c478b655526a5cee8003.cache pour 86400 secondes
2018-03-31 14:20:50 ::1 (pid 12520) :Pub:!INFO: Creation du cache 5c240ad72df40f439f3617dbe4823c3b.cache pour 86400 secondes
2018-03-31 14:20:51 ::1 (pid 12520) :Pub:!INFO: Creation du cache 44bf3cdcebb6f9abcdf15136206462e4.cache pour 86400 secondes
2018-03-31 14:20:51 ::1 (pid 12520) :Pub:!INFO: Creation du cache 017907aaa9438df8fa76f0b35517d473.cache pour 86400 secondes
2018-03-31 14:20:51 ::1 (pid 12520) :Pub:!INFO: Creation du cache 9ae26644de0c34b91d01f3c995dc05cc.cache pour 3600 secondes
2018-03-31 14:20:51 ::1 (pid 12520) :Pub:!INFO: Creation du cache 418cdc6c1c8167e5654d03b7e44df677.cache pour 86400 secondes
2018-03-31 14:21:38 ::1 (pid 12520) :Pub:!INFO: Creation du cache 5e6ff98e6affb411ae829d3aec76e3d4.cache pour 86400 secondes
2018-03-31 14:21:39 ::1 (pid 12520) :Pub:!INFO: Creation du cache 01f8d47876a3615aadc70b5b1c5695aa.cache pour 86400 secondes
2018-03-31 14:21:39 ::1 (pid 12520) :Pub:!INFO: Creation du cache c26f22701ad1482a6ea7498b8014ab64.cache pour 604800 secondes
2018-03-31 14:21:39 ::1 (pid 12520) :Pub:!INFO: Creation du cache ee8010794cf14a58d8e1f33642aa69e2.cache pour 86400 secondes
2018-03-31 14:21:39 ::1 (pid 12520) :Pub:!INFO: Creation du cache cb55437b1b50c478b655526a5cee8003.cache pour 86400 secondes
2018-03-31 14:21:39 ::1 (pid 12520) :Pub:!INFO: Creation du cache 46e82d9cd9e1f246c9b3cf4101a162d2.cache pour 86400 secondes
2018-03-31 14:21:39 ::1 (pid 12520) :Pub:!INFO: Creation du cache f670b48841899e396ba6c1f313de14ae.cache pour 86400 secondes
2018-03-31 14:21:39 ::1 (pid 12520) :Pub:!INFO: Creation du cache 017907aaa9438df8fa76f0b35517d473.cache pour 86400 secondes
2018-03-31 14:21:39 ::1 (pid 12520) :Pub:!INFO: Creation du cache 9ae26644de0c34b91d01f3c995dc05cc.cache pour 3600 secondes
2018-03-31 14:21:39 ::1 (pid 12520) :Pub:!INFO: Creation du cache 711eb7f987b5a46867a91fcc78d7e1f1.cache pour 86400 secondes
2018-03-31 14:21:43 ::1 (pid 12520) :Pub:!INFO: Creation du cache 5e6ff98e6affb411ae829d3aec76e3d4.cache pour 86400 secondes
2018-03-31 14:21:43 ::1 (pid 12520) :Pub:!INFO: Creation du cache 01f8d47876a3615aadc70b5b1c5695aa.cache pour 86400 secondes
2018-03-31 14:21:43 ::1 (pid 12520) :Pub:!INFO: Creation du cache c26f22701ad1482a6ea7498b8014ab64.cache pour 604800 secondes
2018-03-31 14:21:43 ::1 (pid 12520) :Pub:!INFO: Creation du cache ee8010794cf14a58d8e1f33642aa69e2.cache pour 86400 secondes
2018-03-31 14:21:43 ::1 (pid 12520) :Pub:!INFO: Creation du cache cb55437b1b50c478b655526a5cee8003.cache pour 86400 secondes
2018-03-31 14:21:43 ::1 (pid 12520) :Pub:!INFO: Creation du cache bd15d8c8db7e5f5f6aaaed0f96527ed2.cache pour 86400 secondes
2018-03-31 14:21:43 ::1 (pid 12520) :Pub:!INFO: Creation du cache c6e8bdf77dc1e366ea904ceba8f081a8.cache pour 86400 secondes
2018-03-31 14:21:43 ::1 (pid 12520) :Pub:!INFO: Creation du cache 017907aaa9438df8fa76f0b35517d473.cache pour 86400 secondes
2018-03-31 14:21:43 ::1 (pid 12520) :Pub:!INFO: Creation du cache 9ae26644de0c34b91d01f3c995dc05cc.cache pour 3600 secondes
2018-03-31 14:21:43 ::1 (pid 12520) :Pub:!INFO: Creation du cache bc6b9148f139a07366599e9b2028234a.cache pour 86400 secondes
2018-03-31 14:21:54 ::1 (pid 12520) :Pub:!INFO: Creation du cache df8ccb5bc7bcf51ead3e8250fb0b6984.cache pour 86400 secondes
2018-03-31 14:21:54 ::1 (pid 12520) :Pub:!INFO: Creation du cache 6130ef1be29f98679ea0a009bc4bfec0.cache pour 86400 secondes
2018-03-31 14:21:54 ::1 (pid 12520) :Pub:!INFO: Creation du cache 5fecd73eb4a78b2ef5ebb7b0d6b26011.cache pour 86400 secondes
2018-03-31 15:08:22 ::1 (pid 12520) :Pri:!INFO: Creation du cache 2dcca8fc38ecd8ab0d84a2bc94126dff.cache pour 86400 secondes
2018-03-31 15:09:22 ::1 (pid 12520) :Pub:!INFO: Creation du cache adb19da77cf92dec543eff560dc1f4b7.cache pour 86400 secondes
2018-03-31 15:09:22 ::1 (pid 12520) :Pub:!INFO: Creation du cache 5fae2f6ed2ea043793b7b951822dafbd.cache pour 86400 secondes
2018-03-31 15:09:22 ::1 (pid 12520) :Pub:!INFO: Creation du cache 01f8d47876a3615aadc70b5b1c5695aa.cache pour 86400 secondes
2018-03-31 15:09:22 ::1 (pid 12520) :Pub:!INFO: Creation du cache c26f22701ad1482a6ea7498b8014ab64.cache pour 604800 secondes
2018-03-31 15:09:22 ::1 (pid 12520) :Pub:!INFO: Creation du cache ee8010794cf14a58d8e1f33642aa69e2.cache pour 86400 secondes
2018-03-31 15:09:22 ::1 (pid 12520) :Pub:!INFO: Creation du cache 7f3fafc49ab7a6ac1e11962392625418.cache pour 86400 secondes
2018-03-31 15:09:22 ::1 (pid 12520) :Pub:!INFO: Creation du cache 6374cf3f2785130421fd6a8091b19bd0.cache pour 86400 secondes
2018-03-31 15:09:22 ::1 (pid 12520) :Pub:!INFO: Creation du cache da44c55e4879275c3f1a305d6dfedc03.cache pour 86400 secondes
2018-03-31 15:09:22 ::1 (pid 12520) :Pub:!INFO: Creation du cache 1908ab193f3550bcd41c8d00f99d0efd.cache pour 3600 secondes
2018-03-31 15:09:22 ::1 (pid 12520) :Pub:!INFO: Creation du cache 026d92d1b31ed440e13a356a6dbf957e.cache pour 3600 secondes
2018-03-31 15:09:22 ::1 (pid 12520) :Pub:!INFO: Creation du cache f0c9ef42a42a68b9d2e03f9a2c08ab41.cache pour 3600 secondes
2018-03-31 15:09:23 ::1 (pid 12520) :Pub:!INFO: Creation du cache 8df92322c3b8fa73821b2e8d2fa2cf54.cache pour 86400 secondes
2018-03-31 15:09:23 ::1 (pid 12520) :Pub:!INFO: Creation du cache 04599509e6033a6c949552cc1c6b5525.cache pour 3600 secondes
2018-03-31 15:09:23 ::1 (pid 12520) :Pub:!INFO: Creation du cache b952f7afdc749848013454011f3fb69b.cache pour 86400 secondes
2018-03-31 15:09:31 ::1 (pid 12520) :Pri:!INFO: Creation du cache 677936ed8dec4f1993fae2099a15f12a.cache pour 86400 secondes
2018-03-31 15:12:46 ::1 (pid 12520) :Pri:!INFO: Creation du cache 32aa88a71b5382ba89ac422e8a736ea4.cache pour 86400 secondes
2018-03-31 15:13:11 ::1 (pid 12520) :Pri:!INFO: Creation du cache 780f27805fafa676b0dff30f8692504f.cache pour 86400 secondes
2018-03-31 15:14:42 ::1 (pid 12520) :Pri:!INFO: Creation du cache 1563dd8a693ef7163610d184a8a809ea.cache pour 86400 secondes
2018-03-31 15:14:50 ::1 (pid 12520) :Pub:!INFO: Creation du cache 9adb5b96c72433cfad12b55bd5ab8676.cache pour 86400 secondes
2018-03-31 15:14:50 ::1 (pid 12520) :Pub:!INFO: Creation du cache 5fae2f6ed2ea043793b7b951822dafbd.cache pour 86400 secondes
2018-03-31 15:14:50 ::1 (pid 12520) :Pub:!INFO: Creation du cache 01f8d47876a3615aadc70b5b1c5695aa.cache pour 86400 secondes
2018-03-31 15:14:50 ::1 (pid 12520) :Pub:!INFO: Creation du cache c26f22701ad1482a6ea7498b8014ab64.cache pour 604800 secondes
2018-03-31 15:14:50 ::1 (pid 12520) :Pub:!INFO: Creation du cache ee8010794cf14a58d8e1f33642aa69e2.cache pour 86400 secondes
2018-03-31 15:14:50 ::1 (pid 12520) :Pub:!INFO: Creation du cache 7f3fafc49ab7a6ac1e11962392625418.cache pour 86400 secondes
2018-03-31 15:14:50 ::1 (pid 12520) :Pub:!INFO: Creation du cache d4058cc2d9da4b525efd38cb41429fa7.cache pour 86400 secondes
2018-03-31 15:14:50 ::1 (pid 12520) :Pub:!INFO: Creation du cache da44c55e4879275c3f1a305d6dfedc03.cache pour 86400 secondes
2018-03-31 15:14:50 ::1 (pid 12520) :Pub:!INFO: Creation du cache 1908ab193f3550bcd41c8d00f99d0efd.cache pour 3600 secondes
2018-03-31 15:14:50 ::1 (pid 12520) :Pub:!INFO: Creation du cache 026d92d1b31ed440e13a356a6dbf957e.cache pour 3600 secondes
2018-03-31 15:14:50 ::1 (pid 12520) :Pub:!INFO: Creation du cache 127e5c18d93dcdbc56c7d6a2cfa3bf63.cache pour 3600 secondes
2018-03-31 15:14:50 ::1 (pid 12520) :Pub:!INFO: Creation du cache 8df92322c3b8fa73821b2e8d2fa2cf54.cache pour 86400 secondes
2018-03-31 15:14:50 ::1 (pid 12520) :Pub:!INFO: Creation du cache 04599509e6033a6c949552cc1c6b5525.cache pour 3600 secondes
2018-03-31 15:14:50 ::1 (pid 12520) :Pub:!INFO: Creation du cache 3ecc07abed6fefb122e2eefe53ff4816.cache pour 86400 secondes
2018-04-01 15:18:59 ::1 (pid 9228) :Pub:!INFO: Creation du cache 5e6ff98e6affb411ae829d3aec76e3d4.cache pour 86400 secondes
2018-04-01 15:19:00 ::1 (pid 9228) :Pub:!INFO: Creation du cache 01f8d47876a3615aadc70b5b1c5695aa.cache pour 86400 secondes
2018-04-01 15:19:00 ::1 (pid 9228) :Pub:!INFO: Creation du cache ee8010794cf14a58d8e1f33642aa69e2.cache pour 86400 secondes
2018-04-01 15:19:00 ::1 (pid 9228) :Pub:!INFO: Creation du cache cb55437b1b50c478b655526a5cee8003.cache pour 86400 secondes
2018-04-01 15:19:00 ::1 (pid 9228) :Pub:!INFO: Creation du cache 2bd3a5ff7b794a840e1315a6357996af.cache pour 86400 secondes
2018-04-01 15:19:00 ::1 (pid 9228) :Pub:!INFO: Creation du cache 665abdd982fab32c67c2d385ffbaf628.cache pour 86400 secondes
2018-04-01 15:19:01 ::1 (pid 9228) :Pub:!INFO: Creation du cache 017907aaa9438df8fa76f0b35517d473.cache pour 86400 secondes
2018-04-01 15:19:01 ::1 (pid 9228) :Pub:!INFO: Creation du cache 9ae26644de0c34b91d01f3c995dc05cc.cache pour 3600 secondes
2018-04-01 15:19:01 ::1 (pid 9228) :Pub:!INFO: Creation du cache ef128e5fe4c5543d8631f2c392be2f75.cache pour 86400 secondes
2018-04-01 15:21:06 ::1 (pid 9228) :Pub:!INFO: Creation du cache 5e6ff98e6affb411ae829d3aec76e3d4.cache pour 86400 secondes
2018-04-01 15:21:06 ::1 (pid 9228) :Pub:!INFO: Creation du cache 01f8d47876a3615aadc70b5b1c5695aa.cache pour 86400 secondes
2018-04-01 15:21:06 ::1 (pid 9228) :Pub:!INFO: Creation du cache c26f22701ad1482a6ea7498b8014ab64.cache pour 604800 secondes
2018-04-01 15:21:06 ::1 (pid 9228) :Pub:!INFO: Creation du cache ee8010794cf14a58d8e1f33642aa69e2.cache pour 86400 secondes
2018-04-01 15:21:07 ::1 (pid 9228) :Pub:!INFO: Creation du cache cb55437b1b50c478b655526a5cee8003.cache pour 86400 secondes
2018-04-01 15:21:07 ::1 (pid 9228) :Pub:!INFO: Creation du cache 70ebd57097f24a219a04afbb03994dbd.cache pour 86400 secondes
2018-04-01 15:21:07 ::1 (pid 9228) :Pub:!INFO: Creation du cache 274775c279bb76eda6ca33aabad61d3a.cache pour 86400 secondes
2018-04-01 15:21:07 ::1 (pid 9228) :Pub:!INFO: Creation du cache 017907aaa9438df8fa76f0b35517d473.cache pour 86400 secondes
2018-04-01 15:21:07 ::1 (pid 9228) :Pub:!INFO: Creation du cache 9ae26644de0c34b91d01f3c995dc05cc.cache pour 3600 secondes
2018-04-01 15:21:07 ::1 (pid 9228) :Pub:!INFO: Creation du cache b2ea7a9fbddc548ea02a675877e279d8.cache pour 86400 secondes
2018-04-01 15:22:34 ::1 (pid 9228) :Pub:!INFO: Creation du cache 5e6ff98e6affb411ae829d3aec76e3d4.cache pour 86400 secondes
2018-04-01 15:22:34 ::1 (pid 9228) :Pub:!INFO: Creation du cache 01f8d47876a3615aadc70b5b1c5695aa.cache pour 86400 secondes
2018-04-01 15:22:34 ::1 (pid 9228) :Pub:!INFO: Creation du cache c26f22701ad1482a6ea7498b8014ab64.cache pour 604800 secondes
2018-04-01 15:22:34 ::1 (pid 9228) :Pub:!INFO: Creation du cache ee8010794cf14a58d8e1f33642aa69e2.cache pour 86400 secondes
2018-04-01 15:22:34 ::1 (pid 9228) :Pub:!INFO: Creation du cache cb55437b1b50c478b655526a5cee8003.cache pour 86400 secondes
2018-04-01 15:22:34 ::1 (pid 9228) :Pub:!INFO: Creation du cache 301244557d241a1d9995599e81a03575.cache pour 86400 secondes
2018-04-01 15:22:34 ::1 (pid 9228) :Pub:!INFO: Creation du cache 80fefc2b4b47c7f513216a582f6c77c7.cache pour 86400 secondes
2018-04-01 15:22:34 ::1 (pid 9228) :Pub:!INFO: Creation du cache 017907aaa9438df8fa76f0b35517d473.cache pour 86400 secondes
2018-04-01 15:22:34 ::1 (pid 9228) :Pub:!INFO: Creation du cache 9ae26644de0c34b91d01f3c995dc05cc.cache pour 3600 secondes
2018-04-01 15:22:34 ::1 (pid 9228) :Pub:!INFO: Creation du cache e820c4c43158bb6030d4f7be9cb84c14.cache pour 86400 secondes
2018-04-01 15:22:37 ::1 (pid 9228) :Pub:!INFO: Creation du cache 5e6ff98e6affb411ae829d3aec76e3d4.cache pour 86400 secondes
2018-04-01 15:22:37 ::1 (pid 9228) :Pub:!INFO: Creation du cache 01f8d47876a3615aadc70b5b1c5695aa.cache pour 86400 secondes
2018-04-01 15:22:37 ::1 (pid 9228) :Pub:!INFO: Creation du cache c26f22701ad1482a6ea7498b8014ab64.cache pour 604800 secondes
2018-04-01 15:22:37 ::1 (pid 9228) :Pub:!INFO: Creation du cache ee8010794cf14a58d8e1f33642aa69e2.cache pour 86400 secondes
2018-04-01 15:22:37 ::1 (pid 9228) :Pub:!INFO: Creation du cache cb55437b1b50c478b655526a5cee8003.cache pour 86400 secondes
2018-04-01 15:22:37 ::1 (pid 9228) :Pub:!INFO: Creation du cache 04ac7f9770d0a940c6025b0684a5f470.cache pour 86400 secondes
2018-04-01 15:22:37 ::1 (pid 9228) :Pub:!INFO: Creation du cache cd76ec8e033f201af4e38cef6e1952a0.cache pour 86400 secondes
2018-04-01 15:22:37 ::1 (pid 9228) :Pub:!INFO: Creation du cache 017907aaa9438df8fa76f0b35517d473.cache pour 86400 secondes
2018-04-01 15:22:37 ::1 (pid 9228) :Pub:!INFO: Creation du cache 9ae26644de0c34b91d01f3c995dc05cc.cache pour 3600 secondes
2018-04-01 15:22:37 ::1 (pid 9228) :Pub:!INFO: Creation du cache ac736d6125c794909df4fcb14808cd4d.cache pour 86400 secondes
2018-08-05 13:36:48 ::1 (pid 15776) :Pub:!INFO: Creation du cache 5e6ff98e6affb411ae829d3aec76e3d4.cache pour 86400 secondes
2018-08-05 13:36:51 ::1 (pid 15776) :Pub:!INFO: Creation du cache 01f8d47876a3615aadc70b5b1c5695aa.cache pour 86400 secondes
2018-08-05 13:36:52 ::1 (pid 15776) :Pub:!INFO: Creation du cache c26f22701ad1482a6ea7498b8014ab64.cache pour 604800 secondes
2018-08-05 13:36:52 ::1 (pid 15776) :Pub:!INFO: Creation du cache ee8010794cf14a58d8e1f33642aa69e2.cache pour 86400 secondes
2018-08-05 13:36:52 ::1 (pid 15776) :Pub:!INFO: Creation du cache cb55437b1b50c478b655526a5cee8003.cache pour 86400 secondes
2018-08-05 13:36:52 ::1 (pid 15776) :Pub:!INFO: Creation du cache 94386859c08188de0cdd42918792374d.cache pour 86400 secondes
2018-08-05 13:36:53 ::1 (pid 15776) :Pub:!INFO: Creation du cache 30bedbdec49e5de235c390d4930620e3.cache pour 86400 secondes
2018-08-05 13:36:53 ::1 (pid 15776) :Pub:!INFO: Creation du cache 017907aaa9438df8fa76f0b35517d473.cache pour 86400 secondes
2018-08-05 13:36:54 ::1 (pid 15776) :Pub:!INFO: Creation du cache 9ae26644de0c34b91d01f3c995dc05cc.cache pour 3600 secondes
2018-08-05 13:36:54 ::1 (pid 15776) :Pub:!INFO: Creation du cache 5c3e19466cf37312a047fcfee983b48c.cache pour 86400 secondes
2018-08-05 13:37:00 ::1 (pid 15776) :Pub:!INFO: Creation du cache 4c5e726f5f27ecc189b486ea6dbac72e.cache pour 86400 secondes
2018-08-05 13:37:00 ::1 (pid 15776) :Pub:!INFO: Creation du cache 2dc6132a8f8d08e26b86e4ffd6c68366.cache pour 86400 secondes
2018-08-05 13:37:00 ::1 (pid 15776) :Pub:!INFO: Creation du cache 7f3fafc49ab7a6ac1e11962392625418.cache pour 86400 secondes
2018-08-05 13:37:00 ::1 (pid 15776) :Pub:!INFO: Creation du cache ec6e83ba796a0bd7b8fedcf4a4a6726f.cache pour 86400 secondes
2018-08-05 13:37:00 ::1 (pid 15776) :Pub:!INFO: Creation du cache c50ea9e5b0ef79abfc48d134696dd95e.cache pour 86400 secondes
2018-08-05 13:37:01 ::1 (pid 15776) :Pub:!INFO: Creation du cache 1908ab193f3550bcd41c8d00f99d0efd.cache pour 3600 secondes
2018-08-05 13:37:01 ::1 (pid 15776) :Pub:!INFO: Creation du cache c1ba81259fbd405bf02cb2899145a9d2.cache pour 3600 secondes
2018-08-05 13:37:01 ::1 (pid 15776) :Pub:!INFO: Creation du cache f2e9d563770968828f3d4d5ba03ce08b.cache pour 3600 secondes
2018-08-05 13:37:01 ::1 (pid 15776) :Pub:!INFO: Creation du cache 9dff259849fb1a0cca51f8087d76187a.cache pour 86400 secondes
2018-08-05 13:37:01 ::1 (pid 15776) :Pub:!INFO: Creation du cache 3e8cf8acfd4c8f36bd421ee44a6001c6.cache pour 86400 secondes
2018-08-05 13:37:39 ::1 (pid 15776) :Pub:!INFO: Creation du cache 4e74de0570d5401e2ac70f82cf0642e2.cache pour 86400 secondes
2018-08-05 13:37:39 ::1 (pid 15776) :Pub:!INFO: Creation du cache 02683c272fb307f1a303ad3694df6c16.cache pour 86400 secondes
2018-08-05 13:37:39 ::1 (pid 15776) :Pub:!INFO: Creation du cache 67ceecb34dd0bbf426b5ccf7166683a1.cache pour 86400 secondes
2018-08-05 13:37:39 ::1 (pid 15776) :Pub:!INFO: Creation du cache be822b065281bdc932c5d2f7e8977eae.cache pour 86400 secondes
2018-08-05 13:37:46 ::1 (pid 15776) :Pub:!INFO: Creation du cache c65f49eca614fcb4dc86397fea8c6ab0.cache pour 86400 secondes
2018-08-05 13:37:46 ::1 (pid 15776) :Pub:!INFO: Creation du cache 44a9f668633cb6c86ac564b41be85761.cache pour 86400 secondes
2018-08-05 13:37:48 ::1 (pid 15776) :Pub:!INFO: Creation du cache 3a7aaa90f0079e35f75cc81093b6f0a1.cache pour 3600 secondes
2018-08-05 13:37:48 ::1 (pid 15776) :Pub:!INFO: Creation du cache d46e299e379db0abcd868e9e528e5f15.cache pour 3600 secondes
2018-08-05 13:37:48 ::1 (pid 15776) :Pub:!INFO: Creation du cache e4bd4def8864fd10326c8d3502a730e1.cache pour 3600 secondes
2018-08-05 13:38:28 ::1 (pid 15776) :Pub:!INFO: Creation du cache 6cca6bab70bd29bb9adddf257ae77355.cache pour 86400 secondes
2018-08-05 13:38:28 ::1 (pid 15776) :Pub:!INFO: Creation du cache 09b150159a0bf0c759a1e9d0896bc75d.cache pour 3600 secondes
2018-08-05 13:41:11 ::1 (pid 15776) :Pub:!INFO: Creation du cache 149da345d6f234b0a9f3abb4e96f9c0d.cache pour 86400 secondes
2018-08-05 13:41:16 ::1 (pid 15776) :Pri:!INFO: Creation du cache 364969e1b393c7d0de049a82e06dcef5.cache pour 604800 secondes
2018-08-05 13:41:16 ::1 (pid 15776) :Pri:!INFO: Creation du cache bee41b3c06654a336dbb3c1b738a5b51.cache pour 360000 secondes
2018-08-05 13:41:16 ::1 (pid 15776) :Pri:!INFO: Creation du cache eb05504b3e6d8672eb9feae1bf05879b.cache pour 360000 secondes
2018-08-05 13:41:16 ::1 (pid 15776) :Pri:!INFO: Creation du cache 243279e70fc907aa4bf6438a84a19242.cache pour 360000 secondes
2018-08-05 13:41:16 ::1 (pid 15776) :Pri:!INFO: Creation du cache 6cdac63f525d2ca556a8b50f8d5505b9.cache pour 360000 secondes
2018-08-05 13:41:16 ::1 (pid 15776) :Pri:!INFO: Creation du cache 02df0e359d0c09d4f822ca642829b0e2.cache pour 360000 secondes
2018-08-05 13:41:16 ::1 (pid 15776) :Pri:!INFO: Creation du cache df9c8db3870feb2ce72b6dd1bf6a70a3.cache pour 360000 secondes
2018-08-05 13:41:17 ::1 (pid 15776) :Pri:!INFO: Creation du cache feaf682d1c82a96c637a21dd2f411cf7.cache pour 360000 secondes
2018-08-05 13:41:17 ::1 (pid 15776) :Pri:!INFO: Creation du cache 72106fe178d30f4a0b899d62eb3f2db9.cache pour 360000 secondes
2018-08-05 13:41:17 ::1 (pid 15776) :Pri:!INFO: Creation du cache 93172c5c0de829a28bbd7e0a091715a7.cache pour 360000 secondes
2018-08-05 13:41:17 ::1 (pid 15776) :Pri:!INFO: Creation du cache 42546dcd1f4d60931a4e0ef0a99e7b61.cache pour 360000 secondes
2018-08-05 13:41:17 ::1 (pid 15776) :Pri:!INFO: Creation du cache dd716dfa4405e154d9fdab7e63261b92.cache pour 360000 secondes
2018-08-05 13:41:17 ::1 (pid 15776) :Pri:!INFO: Creation du cache 5547c1dedf94ecaf259af7202aadac02.cache pour 360000 secondes
2018-08-05 13:41:17 ::1 (pid 15776) :Pri:!INFO: Creation du cache 00fb1d197c2ea38149eb3aced73dad5a.cache pour 360000 secondes
2018-08-05 13:41:17 ::1 (pid 15776) :Pri:!INFO: Creation du cache 6c15f665898c56c1318e068aeaa6f687.cache pour 360000 secondes
2018-08-05 13:41:17 ::1 (pid 15776) :Pri:!INFO: Creation du cache 462ab3d5adec2473b083ba7c31c0994e.cache pour 360000 secondes
2018-08-05 13:41:17 ::1 (pid 15776) :Pri:!INFO: Creation du cache a331fd4adf96d82fb624752c67f5fce1.cache pour 360000 secondes
2018-08-05 13:41:17 ::1 (pid 15776) :Pri:!INFO: Creation du cache 834bdc629b5b042f3204ac6f8aaf1b8f.cache pour 360000 secondes
2018-08-05 13:41:17 ::1 (pid 15776) :Pri:!INFO: Creation du cache dd3a53478480b88f62edbc7aed13831d.cache pour 360000 secondes
2018-08-05 13:41:17 ::1 (pid 15776) :Pri:!INFO: Creation du cache eb191323b9700fdcc718be1eafa506c4.cache pour 360000 secondes
2018-08-05 13:41:17 ::1 (pid 15776) :Pri:!INFO: Creation du cache a39a3fa78587725ca8fcee9db46e9607.cache pour 360000 secondes
2018-08-05 13:41:17 ::1 (pid 15776) :Pri:!INFO: Creation du cache 5f41eb083c5a15d65bd9307d9fe55e4f.cache pour 360000 secondes
2018-08-05 13:41:17 ::1 (pid 15776) :Pri:!INFO: Creation du cache e0ffa39f4820e4e40e9bd6c1cf60b2c9.cache pour 360000 secondes
2018-08-05 13:41:17 ::1 (pid 15776) :Pri:!INFO: Creation du cache 766b2092f53b2967fc5ab964577ddd59.cache pour 360000 secondes
2018-08-05 13:41:18 ::1 (pid 15776) :Pri:!INFO: Creation du cache 329001a7de50169cebb2858ef6907e32.cache pour 360000 secondes
2018-08-05 13:41:18 ::1 (pid 15776) :Pri:!INFO: Creation du cache a42dab762aa05b8e4646a46862c19544.cache pour 360000 secondes
2018-08-05 13:41:18 ::1 (pid 15776) :Pri:!INFO: Creation du cache 3149d7aaa4646795022c3b866c7abaab.cache pour 360000 secondes
2018-08-05 13:41:19 ::1 (pid 15776) :Pri:!INFO: Creation du cache 1647e2a29c08deb2b6dcadfb2810b7f9.cache pour 86400 secondes
2018-08-05 13:41:37 ::1 (pid 15776) :Pri:!INFO: Creation du cache 0bfab019b84a421ed50ca94b3a361019.cache pour 86400 secondes
2018-08-05 13:44:30 ::1 (pid 15776) :Pub:!INFO: Creation du cache 4e74de0570d5401e2ac70f82cf0642e2.cache pour 86400 secondes
2018-08-05 13:44:30 ::1 (pid 15776) :Pub:!INFO: Creation du cache c65f49eca614fcb4dc86397fea8c6ab0.cache pour 86400 secondes
2018-08-05 13:44:30 ::1 (pid 15776) :Pub:!INFO: Creation du cache ee8010794cf14a58d8e1f33642aa69e2.cache pour 86400 secondes
2018-08-05 13:44:30 ::1 (pid 15776) :Pub:!INFO: Creation du cache cb55437b1b50c478b655526a5cee8003.cache pour 86400 secondes
2018-08-05 13:44:30 ::1 (pid 15776) :Pub:!INFO: Creation du cache e1794e74007edbaf9858f2fd0f7afb6c.cache pour 86400 secondes
2018-08-05 13:44:30 ::1 (pid 15776) :Pub:!INFO: Creation du cache 93d993959551b1156efc3a6b45ed1c79.cache pour 86400 secondes
2018-08-05 13:44:30 ::1 (pid 15776) :Pub:!INFO: Creation du cache 017907aaa9438df8fa76f0b35517d473.cache pour 86400 secondes
2018-08-05 13:44:30 ::1 (pid 15776) :Pub:!INFO: Creation du cache 9ae26644de0c34b91d01f3c995dc05cc.cache pour 3600 secondes
2018-08-05 13:44:30 ::1 (pid 15776) :Pub:!INFO: Creation du cache 537367949b8236bb614eabafdffa3f43.cache pour 86400 secondes
2018-08-05 13:44:40 ::1 (pid 15776) :Pri:!INFO: Creation du cache fc5949a7327d05609aa072bcf6b16042.cache pour 86400 secondes
2018-08-05 13:45:50 ::1 (pid 15776) :Pri:!INFO: Creation du cache 7d33483cabb58490c368e598a61488a1.cache pour 86400 secondes
2018-08-05 13:46:40 ::1 (pid 15776) :Pri:!INFO: Creation du cache 33baf0dbcecc66d82dab830d84e4b301.cache pour 360000 secondes
2018-08-05 13:46:40 ::1 (pid 15776) :Pri:!INFO: Creation du cache a31645415fc2f6df836b660e23aa9192.cache pour 360000 secondes
2018-08-05 13:46:40 ::1 (pid 15776) :Pri:!INFO: Creation du cache a78f9d1d66bfce3f8b5a4c054c627216.cache pour 360000 secondes
2018-08-05 13:46:40 ::1 (pid 15776) :Pri:!INFO: Creation du cache 609c3f81d6f0115d9e51cf276b0105ee.cache pour 360000 secondes
2018-08-05 13:46:40 ::1 (pid 15776) :Pri:!INFO: Creation du cache d57607bb1811b9ce0e184695bbbc6b99.cache pour 360000 secondes
2018-08-05 13:46:40 ::1 (pid 15776) :Pri:!INFO: Creation du cache 50213a91164049148bba8560645c842b.cache pour 360000 secondes
2018-08-05 13:46:41 ::1 (pid 15776) :Pri:!INFO: Creation du cache 51d37e3df501ef58b07ed43f922929a8.cache pour 360000 secondes
2018-08-05 13:46:41 ::1 (pid 15776) :Pri:!INFO: Creation du cache c4ae5d7b2e380cb906243f21750333e6.cache pour 360000 secondes
2018-08-05 13:46:41 ::1 (pid 15776) :Pri:!INFO: Creation du cache 7e436328a04a1e8b27d5982fb5e2a041.cache pour 360000 secondes
2018-08-05 13:46:41 ::1 (pid 15776) :Pri:!INFO: Creation du cache 92c7de6a5e6924607f4b95f8b150732b.cache pour 360000 secondes
2018-08-05 13:46:41 ::1 (pid 15776) :Pri:!INFO: Creation du cache 4b13ea30fffcd9f9e2af8f8ded14fc6e.cache pour 360000 secondes
2018-08-05 13:46:41 ::1 (pid 15776) :Pri:!INFO: Creation du cache 1dddc246cd8aa8b04394f0b87538f58f.cache pour 360000 secondes
2018-08-05 13:46:41 ::1 (pid 15776) :Pri:!INFO: Creation du cache 399bd8b4583fcb6bc05ed07e40d1cece.cache pour 360000 secondes
2018-08-05 13:46:41 ::1 (pid 15776) :Pri:!INFO: Creation du cache b7f1985e4b4c13836c5ec2c655da057b.cache pour 360000 secondes
2018-08-05 13:46:41 ::1 (pid 15776) :Pri:!INFO: Creation du cache 17e565220ee8c7422334d7939922e524.cache pour 360000 secondes
2018-08-05 13:46:41 ::1 (pid 15776) :Pri:!INFO: Creation du cache 448e653908486c8085e831f96ed16317.cache pour 360000 secondes
2018-08-05 13:46:41 ::1 (pid 15776) :Pri:!INFO: Creation du cache ef5c51b095df7eb114549005cfc69b39.cache pour 360000 secondes
2018-08-05 13:46:41 ::1 (pid 15776) :Pri:!INFO: Creation du cache 2fc65574ca11c9ad2fa2d8df0ad896e7.cache pour 360000 secondes
2018-08-05 13:46:41 ::1 (pid 15776) :Pri:!INFO: Creation du cache a3929971a4c0a7d2f5d8e27d73ca4ed2.cache pour 360000 secondes
2018-08-05 13:46:41 ::1 (pid 15776) :Pri:!INFO: Creation du cache 7bcf86d35ea1421cb6abe83e1a45df8e.cache pour 360000 secondes
2018-08-05 13:46:41 ::1 (pid 15776) :Pri:!INFO: Creation du cache d6b3de214f59867957fd65d06c5aca7a.cache pour 360000 secondes
2018-08-05 13:46:41 ::1 (pid 15776) :Pri:!INFO: Creation du cache 03f9480a38ce5a01be9ddad03f8aa9ab.cache pour 360000 secondes
2018-08-05 13:46:41 ::1 (pid 15776) :Pri:!INFO: Creation du cache 6c0708b12ccfcb2f039462c92baf6df1.cache pour 360000 secondes
2018-08-05 13:46:41 ::1 (pid 15776) :Pri:!INFO: Creation du cache cfac6d7ccf2852ee1b140215fb8ee098.cache pour 360000 secondes
2018-08-05 13:46:41 ::1 (pid 15776) :Pri:!INFO: Creation du cache 66c9d7683222e89b9ba1b610f1e82aca.cache pour 360000 secondes
2018-08-05 13:46:41 ::1 (pid 15776) :Pri:!INFO: Creation du cache 028e96dd00a1ed5c9490752080100aff.cache pour 360000 secondes
2018-08-05 13:46:42 ::1 (pid 15776) :Pri:!INFO: Creation du cache e907d40226e6765ab1360e2e010e1a38.cache pour 86400 secondes
2018-08-05 13:49:55 ::1 (pid 15776) :Pri:!INFO: Creation du cache 31889a4da57be05f6b62e8d0b605d371.cache pour 86400 secondes
2018-08-05 21:11:03 ::1 (pid 15776) :Pri:!INFO: Creation du cache f0561cb994ad023d0dd14a4259f76ef2.cache pour 86400 secondes
2018-08-06 09:56:05 ::1 (pid 11032) :Pub:!INFO: Creation du cache 9ae26644de0c34b91d01f3c995dc05cc.cache pour 3600 secondes
2018-08-06 09:56:05 ::1 (pid 11032) :Pub:!INFO: Creation du cache b5030bcd80573855be7c8c8bdaff6360.cache pour 86400 secondes
2018-08-06 10:07:52 192.168.1.27 (pid 11032) :Pub:!INFO: Creation du cache ac9e58605b91865ae25fd7d8e58097f8.cache pour 86400 secondes
2018-08-06 10:07:52 192.168.1.27 (pid 11032) :Pub:!INFO: Creation du cache c25027709718a683300cdd994dcb822c.cache pour 86400 secondes
2018-08-06 10:07:52 192.168.1.27 (pid 11032) :Pub:!INFO: Creation du cache 113d3c8ac838616e474e8a63ef29c0fd.cache pour 604800 secondes
2018-08-06 10:07:52 192.168.1.27 (pid 11032) :Pub:!INFO: Creation du cache bba3c0bcbb00a0a09f2b289abdd47f92.cache pour 86400 secondes
2018-08-06 10:07:52 192.168.1.27 (pid 11032) :Pub:!INFO: Creation du cache fd3a126f5703ea3fef45b725e25fe7df.cache pour 86400 secondes
2018-08-06 10:07:52 192.168.1.27 (pid 11032) :Pub:!INFO: Creation du cache 61f00b3e3f68246c9c2e6d158f0418af.cache pour 86400 secondes
2018-08-06 10:07:53 192.168.1.27 (pid 11032) :Pub:!INFO: Creation du cache a8719c42705d66238242eb7082cdc169.cache pour 86400 secondes
2018-08-06 10:07:53 192.168.1.27 (pid 11032) :Pub:!INFO: Creation du cache 1c4d8449022ef9d94c855969845bb0ac.cache pour 86400 secondes
2018-08-06 10:07:53 192.168.1.27 (pid 11032) :Pub:!INFO: Creation du cache c5c011f50b3b3a8bff5b69e1c8ef8249.cache pour 3600 secondes
2018-08-06 10:07:53 192.168.1.27 (pid 11032) :Pub:!INFO: Creation du cache 910e3021e127c6ab0a152b03b4996c10.cache pour 86400 secondes
2018-08-06 10:35:27 192.168.1.27 (pid 11032) :Pub:!INFO: Creation du cache f827363e5aec337a8e606220396e000c.cache pour 86400 secondes
2018-08-06 10:35:29 192.168.1.27 (pid 11032) :Pub:!INFO: Creation du cache 85c315deed7ad7c9e5f1b01de97227da.cache pour 3600 secondes
2018-08-06 10:35:29 192.168.1.27 (pid 11032) :Pub:!INFO: Creation du cache 791020dcaf2904832ec472c7dbe32c6c.cache pour 3600 secondes
2018-08-06 10:35:30 192.168.1.27 (pid 11032) :Pub:!INFO: Creation du cache b88a17209bb88a7c2a7ebf144440cdc6.cache pour 3600 secondes
2018-08-06 10:35:30 192.168.1.27 (pid 11032) :Pub:!INFO: Creation du cache 47ddae4c6051334f3fd6a799e29c0534.cache pour 86400 secondes
2018-08-06 10:35:30 192.168.1.27 (pid 11032) :Pub:!INFO: Creation du cache 3d160985a1440b64f8e390541dc0edc4.cache pour 86400 secondes
2018-08-06 10:35:30 192.168.1.27 (pid 11032) :Pub:!INFO: Creation du cache 3701c9bfda053d1db289dd4f4c568423.cache pour 86400 secondes
2018-08-06 10:35:30 192.168.1.27 (pid 11032) :Pub:!INFO: Creation du cache 9904c650c2769f609e4a0da94446e212.cache pour 86400 secondes
2018-08-06 10:35:30 192.168.1.27 (pid 11032) :Pub:!INFO: Creation du cache 2a04b61ecd3ad12a1ec596b176e67695.cache pour 86400 secondes
2018-08-06 10:35:30 192.168.1.27 (pid 11032) :Pub:!INFO: Creation du cache ceb2c1743f08300e80752ae63bd3025a.cache pour 3600 secondes
2018-08-06 10:35:30 192.168.1.27 (pid 11032) :Pub:!INFO: Creation du cache 62fdbc9aa8af6a99848ffc64084bb542.cache pour 3600 secondes
2018-08-06 10:35:30 192.168.1.27 (pid 11032) :Pub:!INFO: Creation du cache 22276868a843a65f98c47ddf49566200.cache pour 3600 secondes
2018-08-06 10:35:30 192.168.1.27 (pid 11032) :Pub:!INFO: Creation du cache 26af92516868384498574a6420f49869.cache pour 86400 secondes
2018-08-06 10:35:30 192.168.1.27 (pid 11032) :Pub:!INFO: Creation du cache 3bf1828288acd168bda8eefeebd08557.cache pour 86400 secondes
2018-08-06 10:36:06 192.168.1.27 (pid 11032) :Pub:!INFO: Creation du cache 41c21983ffd98a289681c84b99a1202b.cache pour 86400 secondes
2018-08-06 10:36:10 192.168.1.27 (pid 11032) :Pri:!INFO: Creation du cache d6b02b2a424b0a23600c6c9262a949d7.cache pour 604800 secondes
2018-08-06 10:36:10 192.168.1.27 (pid 11032) :Pri:!INFO: Creation du cache 1b07b1fcfa7af1d1c2c2eaa79f3687be.cache pour 360000 secondes
2018-08-06 10:36:10 192.168.1.27 (pid 11032) :Pri:!INFO: Creation du cache f1622a46f4c761db319411a7b09c5894.cache pour 360000 secondes
2018-08-06 10:36:10 192.168.1.27 (pid 11032) :Pri:!INFO: Creation du cache c6d887009efb3364091d115c70ce80d3.cache pour 360000 secondes
2018-08-06 10:36:10 192.168.1.27 (pid 11032) :Pri:!INFO: Creation du cache 49d3a82ca4884eeb63dcb0239581bb3e.cache pour 360000 secondes
2018-08-06 10:36:10 192.168.1.27 (pid 11032) :Pri:!INFO: Creation du cache fcec426ac905d8ce08c1c658eb5b935e.cache pour 360000 secondes
2018-08-06 10:36:10 192.168.1.27 (pid 11032) :Pri:!INFO: Creation du cache b0db0043cc5da4aa36359f8e1a6e81b0.cache pour 360000 secondes
2018-08-06 10:36:11 192.168.1.27 (pid 11032) :Pri:!INFO: Creation du cache 73359778740457a1283c804aac679b78.cache pour 360000 secondes
2018-08-06 10:36:11 192.168.1.27 (pid 11032) :Pri:!INFO: Creation du cache cd6c04f7bad0676c6757d3228673e09c.cache pour 360000 secondes
2018-08-06 10:36:11 192.168.1.27 (pid 11032) :Pri:!INFO: Creation du cache 63a1ed409e5037efbaaf3ea79d161c2a.cache pour 360000 secondes
2018-08-06 10:36:11 192.168.1.27 (pid 11032) :Pri:!INFO: Creation du cache b518403bc30f9743b02c09475d28a70e.cache pour 360000 secondes
2018-08-06 10:36:11 192.168.1.27 (pid 11032) :Pri:!INFO: Creation du cache 27978d57193cf5eba5d8305c5560afcf.cache pour 360000 secondes
2018-08-06 10:36:11 192.168.1.27 (pid 11032) :Pri:!INFO: Creation du cache d22cc385a34aeabbd2c2d0a82c9c79bc.cache pour 360000 secondes
2018-08-06 10:36:11 192.168.1.27 (pid 11032) :Pri:!INFO: Creation du cache f7be4ab5d6c639f0d3556f5c7d924ecd.cache pour 360000 secondes
2018-08-06 10:36:11 192.168.1.27 (pid 11032) :Pri:!INFO: Creation du cache 8b7e1b98adf5b2c8389bc98f7e4c9d2b.cache pour 360000 secondes
2018-08-06 10:36:11 192.168.1.27 (pid 11032) :Pri:!INFO: Creation du cache cebf0c728574b36e89eebfa6fa445907.cache pour 360000 secondes
2018-08-06 10:36:11 192.168.1.27 (pid 11032) :Pri:!INFO: Creation du cache 88f624ae97f8f5924b7c3ea79df93404.cache pour 360000 secondes
2018-08-06 10:36:11 192.168.1.27 (pid 11032) :Pri:!INFO: Creation du cache ff2f0b364a563b62dbf126e89959c30e.cache pour 360000 secondes
2018-08-06 10:36:11 192.168.1.27 (pid 11032) :Pri:!INFO: Creation du cache 3338a1e5614d0096ae39279e0f983dbe.cache pour 360000 secondes
2018-08-06 10:36:12 192.168.1.27 (pid 11032) :Pri:!INFO: Creation du cache a2a46d126672d81037a44e1793baabc5.cache pour 360000 secondes
2018-08-06 10:36:12 192.168.1.27 (pid 11032) :Pri:!INFO: Creation du cache 829c2ed3919f27cb785897429b134169.cache pour 360000 secondes
2018-08-06 10:36:12 192.168.1.27 (pid 11032) :Pri:!INFO: Creation du cache 6857597aec60888456be7011b26f839a.cache pour 360000 secondes
2018-08-06 10:36:12 192.168.1.27 (pid 11032) :Pri:!INFO: Creation du cache 69fa95e231f67f32a73711bd450d9cc9.cache pour 360000 secondes
2018-08-06 10:36:12 192.168.1.27 (pid 11032) :Pri:!INFO: Creation du cache f38a3d0742321d398e5fcb9717865bab.cache pour 360000 secondes
2018-08-06 10:36:12 192.168.1.27 (pid 11032) :Pri:!INFO: Creation du cache b94f051e404723fb3729d15df1e7d56e.cache pour 360000 secondes
2018-08-06 10:36:12 192.168.1.27 (pid 11032) :Pri:!INFO: Creation du cache 7039a1591a21db8fe4f8e1241e5080e2.cache pour 360000 secondes
2018-08-06 10:36:12 192.168.1.27 (pid 11032) :Pri:!INFO: Creation du cache e8ea6c5bda428ee66bd6af484f1b7bc1.cache pour 360000 secondes
2018-08-06 10:36:16 192.168.1.27 (pid 11032) :Pri:!INFO: Creation du cache 6078d50d4a1b574c568f8a41adc0f65e.cache pour 86400 secondes
2018-08-06 10:39:15 192.168.1.27 (pid 11032) :Pri:!INFO: Creation du cache 3cdc4c901d8835f93c705f8b03464797.cache pour 86400 secondes
2018-08-06 10:44:51 192.168.1.27 (pid 11032) :Pri:!INFO: Creation du cache 866459ae20af05058abec5dcf6d5bd20.cache pour 86400 secondes
2018-08-06 10:45:38 192.168.1.27 (pid 11032) :Pri:!INFO: Creation du cache 52bca66b7b9b5059c11e204580f75b4b.cache pour 86400 secondes
2018-08-06 10:47:01 192.168.1.27 (pid 11032) :Pub:!INFO: Creation du cache ef4ab9fdb8c1ac7c49d9280c71ef0890.cache pour 86400 secondes
2018-08-06 10:47:04 192.168.1.27 (pid 11032) :Pub:!INFO: Creation du cache ac9e58605b91865ae25fd7d8e58097f8.cache pour 86400 secondes
2018-08-06 10:47:04 192.168.1.27 (pid 11032) :Pub:!INFO: Creation du cache c25027709718a683300cdd994dcb822c.cache pour 86400 secondes
2018-08-06 10:47:04 192.168.1.27 (pid 11032) :Pub:!INFO: Creation du cache 113d3c8ac838616e474e8a63ef29c0fd.cache pour 604800 secondes
2018-08-06 10:47:04 192.168.1.27 (pid 11032) :Pub:!INFO: Creation du cache bba3c0bcbb00a0a09f2b289abdd47f92.cache pour 86400 secondes
2018-08-06 10:47:04 192.168.1.27 (pid 11032) :Pub:!INFO: Creation du cache fd3a126f5703ea3fef45b725e25fe7df.cache pour 86400 secondes
2018-08-06 10:47:04 192.168.1.27 (pid 11032) :Pub:!INFO: Creation du cache 7abe737e2fecca156b858904b47ca7eb.cache pour 86400 secondes
2018-08-06 10:47:04 192.168.1.27 (pid 11032) :Pub:!INFO: Creation du cache 2d330e243b2a573e075af575da3f60b3.cache pour 86400 secondes
2018-08-06 10:47:04 192.168.1.27 (pid 11032) :Pub:!INFO: Creation du cache 1c4d8449022ef9d94c855969845bb0ac.cache pour 86400 secondes
2018-08-06 10:47:04 192.168.1.27 (pid 11032) :Pub:!INFO: Creation du cache c5c011f50b3b3a8bff5b69e1c8ef8249.cache pour 3600 secondes
2018-08-06 10:47:04 192.168.1.27 (pid 11032) :Pub:!INFO: Creation du cache 7b7529e5d553055db829535c70038ffb.cache pour 86400 secondes
2018-08-06 10:47:19 192.168.1.27 (pid 11032) :Pri:!INFO: Creation du cache f6944968c36f205378c7168861bd9788.cache pour 86400 secondes
2018-08-06 10:47:40 192.168.1.27 (pid 11032) :Pub:!INFO: Creation du cache ac9e58605b91865ae25fd7d8e58097f8.cache pour 86400 secondes
2018-08-06 10:47:41 192.168.1.27 (pid 11032) :Pub:!INFO: Creation du cache c25027709718a683300cdd994dcb822c.cache pour 86400 secondes
2018-08-06 10:47:41 192.168.1.27 (pid 11032) :Pub:!INFO: Creation du cache 113d3c8ac838616e474e8a63ef29c0fd.cache pour 604800 secondes
2018-08-06 10:47:41 192.168.1.27 (pid 11032) :Pub:!INFO: Creation du cache bba3c0bcbb00a0a09f2b289abdd47f92.cache pour 86400 secondes
2018-08-06 10:47:41 192.168.1.27 (pid 11032) :Pub:!INFO: Creation du cache fd3a126f5703ea3fef45b725e25fe7df.cache pour 86400 secondes
2018-08-06 10:47:41 192.168.1.27 (pid 11032) :Pub:!INFO: Creation du cache 70019eadeee548e8526bcdbc6c380007.cache pour 86400 secondes
2018-08-06 10:47:41 192.168.1.27 (pid 11032) :Pub:!INFO: Creation du cache 4e6ea93dd98e58c125663003799bacb0.cache pour 86400 secondes
2018-08-06 10:47:41 192.168.1.27 (pid 11032) :Pub:!INFO: Creation du cache 1c4d8449022ef9d94c855969845bb0ac.cache pour 86400 secondes
2018-08-06 10:47:41 192.168.1.27 (pid 11032) :Pub:!INFO: Creation du cache c5c011f50b3b3a8bff5b69e1c8ef8249.cache pour 3600 secondes
2018-08-06 10:47:41 192.168.1.27 (pid 11032) :Pub:!INFO: Creation du cache 2640f589728e1925988a6d259e5edefb.cache pour 86400 secondes
2018-08-06 10:47:44 192.168.1.27 (pid 11032) :Pub:!INFO: Creation du cache 514cccc4266fd5b7936bbac1731caec6.cache pour 3600 secondes
2018-08-06 10:47:44 192.168.1.27 (pid 11032) :Pub:!INFO: Creation du cache 97e79f59aad2539460bd3ecfaa645e7d.cache pour 3600 secondes
2018-08-06 10:47:44 192.168.1.27 (pid 11032) :Pub:!INFO: Creation du cache 3d53a13e8cc5f14703dc3204fe6b076a.cache pour 86400 secondes
2018-08-06 10:47:44 192.168.1.27 (pid 11032) :Pub:!INFO: Creation du cache bf617e52a4fb14a97bf6965e823aa04c.cache pour 86400 secondes
2018-08-06 10:47:54 192.168.1.27 (pid 11032) :Pub:!INFO: Creation du cache 6c3eec179ff44ca1f06867d2673b07e9.cache pour 86400 secondes
2018-08-06 10:47:54 192.168.1.27 (pid 11032) :Pub:!INFO: Creation du cache 3d160985a1440b64f8e390541dc0edc4.cache pour 86400 secondes
2018-08-06 10:47:54 192.168.1.27 (pid 11032) :Pub:!INFO: Creation du cache c25027709718a683300cdd994dcb822c.cache pour 86400 secondes
2018-08-06 10:47:54 192.168.1.27 (pid 11032) :Pub:!INFO: Creation du cache 113d3c8ac838616e474e8a63ef29c0fd.cache pour 604800 secondes
2018-08-06 10:47:54 192.168.1.27 (pid 11032) :Pub:!INFO: Creation du cache bba3c0bcbb00a0a09f2b289abdd47f92.cache pour 86400 secondes
2018-08-06 10:47:54 192.168.1.27 (pid 11032) :Pub:!INFO: Creation du cache 3701c9bfda053d1db289dd4f4c568423.cache pour 86400 secondes
2018-08-06 10:47:54 192.168.1.27 (pid 11032) :Pub:!INFO: Creation du cache 2ccf5a27cc53da6166886484ce59fcb4.cache pour 86400 secondes
2018-08-06 10:47:54 192.168.1.27 (pid 11032) :Pub:!INFO: Creation du cache 2a04b61ecd3ad12a1ec596b176e67695.cache pour 86400 secondes
2018-08-06 10:47:54 192.168.1.27 (pid 11032) :Pub:!INFO: Creation du cache ceb2c1743f08300e80752ae63bd3025a.cache pour 3600 secondes
2018-08-06 10:47:54 192.168.1.27 (pid 11032) :Pub:!INFO: Creation du cache 514cccc4266fd5b7936bbac1731caec6.cache pour 3600 secondes
2018-08-06 10:47:54 192.168.1.27 (pid 11032) :Pub:!INFO: Creation du cache 3571ae4f493be22d59da7232e24f3f24.cache pour 3600 secondes
2018-08-06 10:47:54 192.168.1.27 (pid 11032) :Pub:!INFO: Creation du cache cbe46cc8722e12b9f6edf1dd089f3d5a.cache pour 86400 secondes
2018-08-06 10:47:54 192.168.1.27 (pid 11032) :Pub:!INFO: Creation du cache 3541f19e3a63a85c2d89dbf699aba3a0.cache pour 3600 secondes
2018-08-06 10:47:54 192.168.1.27 (pid 11032) :Pub:!INFO: Creation du cache e0e2fcefcb71867f51afda92f5819ac6.cache pour 86400 secondes
2018-08-06 10:47:56 192.168.1.27 (pid 11032) :Pub:!INFO: Creation du cache ea084ed6bc77b15a9798c842b0580c2c.cache pour 86400 secondes
2018-08-06 10:47:59 192.168.1.27 (pid 11032) :Pub:!INFO: Creation du cache 270f1e39bdb6f743f6ff2e61b9c8df5c.cache pour 86400 secondes
2018-08-06 10:47:59 192.168.1.27 (pid 11032) :Pub:!INFO: Creation du cache c1b1345b3b4b9ecc49526d844145c4d4.cache pour 86400 secondes
2018-08-06 10:47:59 192.168.1.27 (pid 11032) :Pub:!INFO: Creation du cache 2bcb3b1f32d81ab4d3155733af6de208.cache pour 86400 secondes
2018-08-06 10:47:59 192.168.1.27 (pid 11032) :Pub:!INFO: Creation du cache 09255418f5a69ee683123dea03bdb047.cache pour 86400 secondes
2018-08-06 10:47:59 192.168.1.27 (pid 11032) :Pub:!INFO: Creation du cache 43bd79946cde32cce04a0d1fba6e5262.cache pour 3600 secondes
2018-08-06 10:47:59 192.168.1.27 (pid 11032) :Pub:!INFO: Creation du cache af07cfa01f1e256c731499e650759572.cache pour 3600 secondes
2018-08-06 10:47:59 192.168.1.27 (pid 11032) :Pub:!INFO: Creation du cache b134d3d1397008de0e1ee61f73932781.cache pour 86400 secondes
2018-08-06 10:48:20 192.168.1.27 (pid 11032) :Pub:!INFO: Creation du cache ac9e58605b91865ae25fd7d8e58097f8.cache pour 86400 secondes
2018-08-06 10:48:21 192.168.1.27 (pid 11032) :Pub:!INFO: Creation du cache c25027709718a683300cdd994dcb822c.cache pour 86400 secondes
2018-08-06 10:48:21 192.168.1.27 (pid 11032) :Pub:!INFO: Creation du cache 113d3c8ac838616e474e8a63ef29c0fd.cache pour 604800 secondes
2018-08-06 10:48:21 192.168.1.27 (pid 11032) :Pub:!INFO: Creation du cache bba3c0bcbb00a0a09f2b289abdd47f92.cache pour 86400 secondes
2018-08-06 10:48:21 192.168.1.27 (pid 11032) :Pub:!INFO: Creation du cache fd3a126f5703ea3fef45b725e25fe7df.cache pour 86400 secondes
2018-08-06 10:48:21 192.168.1.27 (pid 11032) :Pub:!INFO: Creation du cache 39500aa712307a3ce86305465ccbe4bf.cache pour 86400 secondes
2018-08-06 10:48:21 192.168.1.27 (pid 11032) :Pub:!INFO: Creation du cache 19ee6a3b661d6e9a7b0b198ff50aa50d.cache pour 86400 secondes
2018-08-06 10:48:21 192.168.1.27 (pid 11032) :Pub:!INFO: Creation du cache 1c4d8449022ef9d94c855969845bb0ac.cache pour 86400 secondes
2018-08-06 10:48:21 192.168.1.27 (pid 11032) :Pub:!INFO: Creation du cache c5c011f50b3b3a8bff5b69e1c8ef8249.cache pour 3600 secondes
2018-08-06 10:48:21 192.168.1.27 (pid 11032) :Pub:!INFO: Creation du cache f3265cab3dcac6bf33fb1f5fc63ce821.cache pour 86400 secondes
2018-08-06 11:19:50 192.168.1.27 (pid 11032) :Pri:!INFO: Creation du cache 42517dc132340e2bdc11d9acd67f6973.cache pour 86400 secondes
2018-08-06 12:55:29 192.168.1.27 (pid 11032) :Pri:!INFO: Creation du cache a00c00d429ac98ad5f73b3e54c43ac8a.cache pour 86400 secondes
2018-08-06 12:55:41 192.168.1.27 (pid 11032) :Pri:!INFO: Creation du cache a00c00d429ac98ad5f73b3e54c43ac8a.cache pour 86400 secondes
2018-08-06 12:56:20 192.168.1.27 (pid 11032) :Pri:!INFO: Creation du cache ad25aff55878237955d4659972c1dd5a.cache pour 86400 secondes
2018-08-06 12:58:13 192.168.1.27 (pid 11032) :Pri:!INFO: Creation du cache 4195aa002d0bc8a5cdca00900db7d849.cache pour 86400 secondes
2018-08-06 12:58:48 192.168.1.27 (pid 11032) :Pri:!INFO: Creation du cache 4195aa002d0bc8a5cdca00900db7d849.cache pour 86400 secondes
2018-08-06 12:59:23 192.168.1.27 (pid 11032) :Pri:!INFO: Creation du cache cdae91f3b33df55024b5214d85b96747.cache pour 86400 secondes
2018-08-06 12:59:43 192.168.1.27 (pid 11032) :Pri:!INFO: Creation du cache cdae91f3b33df55024b5214d85b96747.cache pour 86400 secondes
2018-08-06 13:00:32 192.168.1.27 (pid 11032) :Pri:!INFO: Creation du cache 68c0c60310d26be8c032fc838d7bc248.cache pour 86400 secondes
2018-08-06 13:02:43 192.168.1.27 (pid 11032) :Pri:!INFO: Creation du cache fda981a02940c58ff0c22a6c5f71b412.cache pour 86400 secondes
2018-08-06 13:06:30 192.168.1.27 (pid 11032) :Pri:!INFO: Creation du cache 033096fd7f136c7403f3514ccc94e987.cache pour 86400 secondes
2018-08-06 13:27:22 192.168.1.27 (pid 11032) :Pri:!INFO: Creation du cache 5e4053c7c423752962967317b30be851.cache pour 86400 secondes
2018-08-06 13:28:06 192.168.1.27 (pid 11032) :Pri:!INFO: Creation du cache d742e6a2e002285ac23d2f09edc34393.cache pour 86400 secondes
2018-08-06 13:28:30 192.168.1.27 (pid 11032) :Pub:!INFO: Creation du cache ac9e58605b91865ae25fd7d8e58097f8.cache pour 86400 secondes
2018-08-06 13:28:30 192.168.1.27 (pid 11032) :Pub:!INFO: Creation du cache c25027709718a683300cdd994dcb822c.cache pour 86400 secondes
2018-08-06 13:28:30 192.168.1.27 (pid 11032) :Pub:!INFO: Creation du cache bba3c0bcbb00a0a09f2b289abdd47f92.cache pour 86400 secondes
2018-08-06 13:28:30 192.168.1.27 (pid 11032) :Pub:!INFO: Creation du cache fd3a126f5703ea3fef45b725e25fe7df.cache pour 86400 secondes
2018-08-06 13:28:30 192.168.1.27 (pid 11032) :Pub:!INFO: Creation du cache 3af30ff3cc986af3351e03b6da3b44d2.cache pour 86400 secondes
2018-08-06 13:28:30 192.168.1.27 (pid 11032) :Pub:!INFO: Creation du cache 50291d7862171508d6315a584d2f8852.cache pour 86400 secondes
2018-08-06 13:28:30 192.168.1.27 (pid 11032) :Pub:!INFO: Creation du cache 1c4d8449022ef9d94c855969845bb0ac.cache pour 86400 secondes
2018-08-06 13:28:30 192.168.1.27 (pid 11032) :Pub:!INFO: Creation du cache c5c011f50b3b3a8bff5b69e1c8ef8249.cache pour 3600 secondes
2018-08-06 13:28:30 192.168.1.27 (pid 11032) :Pub:!INFO: Creation du cache 1ea11abe559b51f8f7515781a3c97c22.cache pour 86400 secondes
2018-08-06 13:28:34 192.168.1.27 (pid 11032) :Pub:!INFO: Creation du cache d1b1d8b4eba75fbd37bafce213083097.cache pour 86400 secondes
2018-08-06 13:28:35 192.168.1.27 (pid 11032) :Pub:!INFO: Creation du cache 3d160985a1440b64f8e390541dc0edc4.cache pour 86400 secondes
2018-08-06 13:28:35 192.168.1.27 (pid 11032) :Pub:!INFO: Creation du cache 3701c9bfda053d1db289dd4f4c568423.cache pour 86400 secondes
2018-08-06 13:28:35 192.168.1.27 (pid 11032) :Pub:!INFO: Creation du cache 504691cf27381c3841abca74a633f62e.cache pour 86400 secondes
2018-08-06 13:28:35 192.168.1.27 (pid 11032) :Pub:!INFO: Creation du cache 2a04b61ecd3ad12a1ec596b176e67695.cache pour 86400 secondes
2018-08-06 13:28:35 192.168.1.27 (pid 11032) :Pub:!INFO: Creation du cache ceb2c1743f08300e80752ae63bd3025a.cache pour 3600 secondes
2018-08-06 13:28:35 192.168.1.27 (pid 11032) :Pub:!INFO: Creation du cache 514cccc4266fd5b7936bbac1731caec6.cache pour 3600 secondes
2018-08-06 13:28:35 192.168.1.27 (pid 11032) :Pub:!INFO: Creation du cache 8b8ec659e246ffbbc6a47f36f8685f78.cache pour 3600 secondes
2018-08-06 13:28:35 192.168.1.27 (pid 11032) :Pub:!INFO: Creation du cache 3d53a13e8cc5f14703dc3204fe6b076a.cache pour 86400 secondes
2018-08-06 13:28:35 192.168.1.27 (pid 11032) :Pub:!INFO: Creation du cache 84af9bbda43d291cd4c3e04b6528b893.cache pour 86400 secondes
2018-08-06 13:28:39 192.168.1.27 (pid 11032) :Pub:!INFO: Creation du cache a5b4eac25d6b74f69748ac22c1b14ae6.cache pour 86400 secondes
2018-08-06 13:29:07 192.168.1.27 (pid 11032) :Pub:!INFO: Creation du cache ac9e58605b91865ae25fd7d8e58097f8.cache pour 86400 secondes
2018-08-06 13:29:07 192.168.1.27 (pid 11032) :Pub:!INFO: Creation du cache c25027709718a683300cdd994dcb822c.cache pour 86400 secondes
2018-08-06 13:29:07 192.168.1.27 (pid 11032) :Pub:!INFO: Creation du cache 113d3c8ac838616e474e8a63ef29c0fd.cache pour 604800 secondes
2018-08-06 13:29:07 192.168.1.27 (pid 11032) :Pub:!INFO: Creation du cache bba3c0bcbb00a0a09f2b289abdd47f92.cache pour 86400 secondes
2018-08-06 13:29:07 192.168.1.27 (pid 11032) :Pub:!INFO: Creation du cache fd3a126f5703ea3fef45b725e25fe7df.cache pour 86400 secondes
2018-08-06 13:29:07 192.168.1.27 (pid 11032) :Pub:!INFO: Creation du cache 2c4e57b474b9c73ae43a010ade95d772.cache pour 86400 secondes
2018-08-06 13:29:07 192.168.1.27 (pid 11032) :Pub:!INFO: Creation du cache d26a289cc01026f1533e16922e7c2619.cache pour 86400 secondes
2018-08-06 13:29:07 192.168.1.27 (pid 11032) :Pub:!INFO: Creation du cache 1c4d8449022ef9d94c855969845bb0ac.cache pour 86400 secondes
2018-08-06 13:29:07 192.168.1.27 (pid 11032) :Pub:!INFO: Creation du cache c5c011f50b3b3a8bff5b69e1c8ef8249.cache pour 3600 secondes
2018-08-06 13:29:07 192.168.1.27 (pid 11032) :Pub:!INFO: Creation du cache 4ce82162708ce90ff7352e8950944ffb.cache pour 86400 secondes
2018-08-06 13:29:12 192.168.1.27 (pid 11032) :Pub:!INFO: Creation du cache ce3566125524666125af6f4de1e31eca.cache pour 86400 secondes
2018-08-06 13:29:12 192.168.1.27 (pid 11032) :Pub:!INFO: Creation du cache 30ebca213e1ba12dcdd3def20a0e5149.cache pour 86400 secondes
2018-08-06 13:29:13 192.168.1.27 (pid 11032) :Pub:!INFO: Creation du cache 1840fe5e4ec9b4d39876e3c5d5b15265.cache pour 86400 secondes
2018-08-06 13:29:13 192.168.1.27 (pid 11032) :Pub:!INFO: Creation du cache bda78404429512ab62683d5d9b18b7be.cache pour 86400 secondes
2018-08-06 13:29:19 192.168.1.27 (pid 11032) :Pub:!INFO: Creation du cache b104c4d70efe213c62aa7e28a869af5c.cache pour 86400 secondes
2018-08-06 13:29:31 192.168.1.27 (pid 11032) :Pub:!INFO: Creation du cache ac9e58605b91865ae25fd7d8e58097f8.cache pour 86400 secondes
2018-08-06 13:29:31 192.168.1.27 (pid 11032) :Pub:!INFO: Creation du cache c25027709718a683300cdd994dcb822c.cache pour 86400 secondes
2018-08-06 13:29:31 192.168.1.27 (pid 11032) :Pub:!INFO: Creation du cache 113d3c8ac838616e474e8a63ef29c0fd.cache pour 604800 secondes
2018-08-06 13:29:31 192.168.1.27 (pid 11032) :Pub:!INFO: Creation du cache bba3c0bcbb00a0a09f2b289abdd47f92.cache pour 86400 secondes
2018-08-06 13:29:31 192.168.1.27 (pid 11032) :Pub:!INFO: Creation du cache fd3a126f5703ea3fef45b725e25fe7df.cache pour 86400 secondes
2018-08-06 13:29:31 192.168.1.27 (pid 11032) :Pub:!INFO: Creation du cache dc7aa801d5df6d36689bbae487826ada.cache pour 86400 secondes
2018-08-06 13:29:31 192.168.1.27 (pid 11032) :Pub:!INFO: Creation du cache df73a8a6f98f6ff6c5ae5f99eeb85cda.cache pour 86400 secondes
2018-08-06 13:29:31 192.168.1.27 (pid 11032) :Pub:!INFO: Creation du cache 1c4d8449022ef9d94c855969845bb0ac.cache pour 86400 secondes
2018-08-06 13:29:31 192.168.1.27 (pid 11032) :Pub:!INFO: Creation du cache c5c011f50b3b3a8bff5b69e1c8ef8249.cache pour 3600 secondes
2018-08-06 13:29:31 192.168.1.27 (pid 11032) :Pub:!INFO: Creation du cache 1d81e73fc30316428d2e8c6f8ad8f27b.cache pour 86400 secondes
2018-08-06 13:49:43 192.168.1.27 (pid 11032) :Pri:!INFO: Creation du cache 20fca37203e5e2f85db197c407c1cdec.cache pour 86400 secondes
2018-08-06 13:49:47 192.168.1.27 (pid 11032) :Pri:!INFO: Creation du cache d926f5105254f6d8999fd9f3fddf332e.cache pour 86400 secondes
2018-08-06 13:50:11 192.168.1.27 (pid 11032) :Pri:!INFO: Creation du cache d926f5105254f6d8999fd9f3fddf332e.cache pour 86400 secondes
2018-08-06 13:50:45 192.168.1.27 (pid 11032) :Pri:!INFO: Creation du cache 97fac2a0b4f7d627947ccdb2080ddd60.cache pour 86400 secondes
2018-08-06 13:52:55 192.168.1.27 (pid 11032) :Pri:!INFO: Creation du cache 3b0b34be7307f8eeeb0de1a6830838bd.cache pour 86400 secondes
2018-08-06 13:53:28 192.168.1.27 (pid 11032) :Pri:!INFO: Creation du cache 3b0b34be7307f8eeeb0de1a6830838bd.cache pour 86400 secondes
2018-08-06 13:54:44 192.168.1.27 (pid 11032) :Pri:!INFO: Creation du cache 87c507080db92015d366961fbd320c00.cache pour 86400 secondes
2018-08-06 13:56:47 192.168.1.27 (pid 11032) :Pri:!INFO: Creation du cache 6a9dcc936602e37fa11b64642efaed52.cache pour 86400 secondes
2018-08-06 13:56:56 192.168.1.27 (pid 11032) :Pri:!INFO: Creation du cache 4d185cc05eeff8763505d074719ad756.cache pour 86400 secondes
2018-08-06 13:57:19 192.168.1.27 (pid 11032) :Pri:!INFO: Creation du cache 4d185cc05eeff8763505d074719ad756.cache pour 86400 secondes
2018-08-06 13:58:01 192.168.1.27 (pid 11032) :Pri:!INFO: Creation du cache 8c3c4f1a014e4a6f7546d6b9cdcbbd80.cache pour 86400 secondes
2018-08-06 13:58:21 192.168.1.27 (pid 11032) :Pri:!INFO: Creation du cache 8c3c4f1a014e4a6f7546d6b9cdcbbd80.cache pour 86400 secondes
2018-08-06 14:00:08 192.168.1.27 (pid 11032) :Pri:!INFO: Creation du cache 0b5496d39dc1b4eb48d821679edeeb59.cache pour 86400 secondes
2018-08-06 14:00:38 192.168.1.27 (pid 11032) :Pri:!INFO: Creation du cache 0b5496d39dc1b4eb48d821679edeeb59.cache pour 86400 secondes
2018-08-06 14:00:59 192.168.1.27 (pid 11032) :Pri:!INFO: Creation du cache 2b684bc480dc2ff4c536d1635d377f6b.cache pour 86400 secondes
2018-08-06 14:01:59 192.168.1.27 (pid 11032) :Pri:!INFO: Creation du cache 1507257295a884c82ed3cd5dd471cb5b.cache pour 86400 secondes
2018-08-06 14:03:18 192.168.1.27 (pid 11032) :Pri:!INFO: Creation du cache b0a07fa639edf7e561825e84ce445e12.cache pour 86400 secondes
2018-08-06 14:03:55 192.168.1.27 (pid 11032) :Pri:!INFO: Creation du cache b0a07fa639edf7e561825e84ce445e12.cache pour 86400 secondes
2018-08-06 14:04:02 192.168.1.27 (pid 11032) :Pri:ERREUR: fonction execute_pipeline_notifications_destinataires absente : pipeline desactive
2018-08-06 14:04:05 192.168.1.27 (pid 11032) :Pri:!INFO: Creation du cache ba59116d5afc20e2c394adbe7412c806.cache pour 86400 secondes
2018-08-06 14:04:12 192.168.1.27 (pid 11032) :Pri:ERREUR: fonction execute_pipeline_notifications_destinataires absente : pipeline desactive
2018-08-06 14:04:21 192.168.1.27 (pid 11032) :Pri:!INFO: Creation du cache ba59116d5afc20e2c394adbe7412c806.cache pour 86400 secondes
2018-08-07 16:19:07 192.168.1.27 (pid 11200) :Pub:!INFO: Creation du cache c25027709718a683300cdd994dcb822c.cache pour 86400 secondes
2018-08-07 16:19:07 192.168.1.27 (pid 11200) :Pub:!INFO: Creation du cache 1f0b372cb312cda5b4f05b097fbc36df.cache pour 86400 secondes
2018-08-07 16:19:09 192.168.1.27 (pid 11200) :Pub:!INFO: Creation du cache 85c315deed7ad7c9e5f1b01de97227da.cache pour 3600 secondes
2018-08-07 16:19:09 192.168.1.27 (pid 11200) :Pub:!INFO: Creation du cache 701215eb0ed46323c5ee585b953c5a35.cache pour 3600 secondes
2018-08-07 16:19:09 192.168.1.27 (pid 11200) :Pub:!INFO: Creation du cache e5d28e5d5c0334ae3436921c7e7501a8.cache pour 86400 secondes
2018-08-07 16:19:10 192.168.1.27 (pid 11200) :Pub:!INFO: Creation du cache da83c291bb58223df89dd38dd41d92d6.cache pour 3600 secondes
2018-08-07 16:19:25 192.168.1.27 (pid 11200) :Pri:!INFO: Creation du cache 6e34483a78d3b90363f21eb59ecb5858.cache pour 86400 secondes
2018-08-07 16:20:11 192.168.1.27 (pid 11200) :Pri:!INFO: Creation du cache 3b861daec1e9210651c50faae7e35f45.cache pour 86400 secondes
2018-08-07 16:21:39 192.168.1.27 (pid 11200) :Pri:!INFO: Creation du cache 2b44c728da717724dcf823ea099dbccf.cache pour 86400 secondes
2018-08-07 16:27:56 192.168.1.27 (pid 11200) :Pub:!INFO: Creation du cache ac9e58605b91865ae25fd7d8e58097f8.cache pour 86400 secondes
2018-08-07 16:27:56 192.168.1.27 (pid 11200) :Pub:!INFO: Creation du cache c25027709718a683300cdd994dcb822c.cache pour 86400 secondes
2018-08-07 16:27:56 192.168.1.27 (pid 11200) :Pub:!INFO: Creation du cache bba3c0bcbb00a0a09f2b289abdd47f92.cache pour 86400 secondes
2018-08-07 16:27:57 192.168.1.27 (pid 11200) :Pub:!INFO: Creation du cache fd3a126f5703ea3fef45b725e25fe7df.cache pour 86400 secondes
2018-08-07 16:27:57 192.168.1.27 (pid 11200) :Pub:!INFO: Creation du cache 53baf9abc7484d1c6aeba900e41f1e4d.cache pour 86400 secondes
2018-08-07 16:27:57 192.168.1.27 (pid 11200) :Pub:!INFO: Creation du cache 799cfdb62a3cd707ebead31938c9d9b6.cache pour 86400 secondes
2018-08-07 16:27:57 192.168.1.27 (pid 11200) :Pub:!INFO: Creation du cache 1c4d8449022ef9d94c855969845bb0ac.cache pour 86400 secondes
2018-08-07 16:27:57 192.168.1.27 (pid 11200) :Pub:!INFO: Creation du cache c5c011f50b3b3a8bff5b69e1c8ef8249.cache pour 3600 secondes
2018-08-07 16:27:57 192.168.1.27 (pid 11200) :Pub:!INFO: Creation du cache 387aec754c8651839ab3dea712c8cf0d.cache pour 86400 secondes
2018-08-07 16:28:08 192.168.1.27 (pid 11200) :Pub:!INFO: Creation du cache 60c07386b78fe90a8dd3350d6c6b91b0.cache pour 86400 secondes
2018-08-07 16:28:08 192.168.1.27 (pid 11200) :Pub:!INFO: Creation du cache 3701c9bfda053d1db289dd4f4c568423.cache pour 86400 secondes
2018-08-07 16:28:08 192.168.1.27 (pid 11200) :Pub:!INFO: Creation du cache b6d395588161103f1c9c2e0e5c3c6ff5.cache pour 86400 secondes
2018-08-07 16:28:08 192.168.1.27 (pid 11200) :Pub:!INFO: Creation du cache 28566b72b2ea38e5e590462a1ea1e660.cache pour 86400 secondes
2018-08-07 16:28:08 192.168.1.27 (pid 11200) :Pub:!INFO: Creation du cache 644fc55db9f17edd6ac3a060acba6b28.cache pour 86400 secondes
2018-08-07 16:37:54 192.168.1.27 (pid 11200) :Pri:!INFO: Creation du cache 7a24a62cd5925e4942a0fa776f7c169c.cache pour 86400 secondes
2018-08-07 16:41:12 192.168.1.27 (pid 11200) :Pri:!INFO: Creation du cache 2e99667ae908b74eaba0b105cabccf36.cache pour 86400 secondes
2018-08-07 16:42:18 192.168.1.27 (pid 11200) :Pub:!INFO: Creation du cache ac9e58605b91865ae25fd7d8e58097f8.cache pour 86400 secondes
2018-08-07 16:42:18 192.168.1.27 (pid 11200) :Pub:!INFO: Creation du cache c25027709718a683300cdd994dcb822c.cache pour 86400 secondes
2018-08-07 16:42:19 192.168.1.27 (pid 11200) :Pub:!INFO: Creation du cache 113d3c8ac838616e474e8a63ef29c0fd.cache pour 604800 secondes
2018-08-07 16:42:19 192.168.1.27 (pid 11200) :Pub:!INFO: Creation du cache bba3c0bcbb00a0a09f2b289abdd47f92.cache pour 86400 secondes
2018-08-07 16:42:19 192.168.1.27 (pid 11200) :Pub:!INFO: Creation du cache fd3a126f5703ea3fef45b725e25fe7df.cache pour 86400 secondes
2018-08-07 16:42:19 192.168.1.27 (pid 11200) :Pub:!INFO: Creation du cache c0e4b8c217bf2f9190a76ae95699bd1e.cache pour 86400 secondes
2018-08-07 16:42:19 192.168.1.27 (pid 11200) :Pub:!INFO: Creation du cache b3af138c7d76badc151d738426f060b3.cache pour 86400 secondes
2018-08-07 16:42:19 192.168.1.27 (pid 11200) :Pub:!INFO: Creation du cache 1c4d8449022ef9d94c855969845bb0ac.cache pour 86400 secondes
2018-08-07 16:42:19 192.168.1.27 (pid 11200) :Pub:!INFO: Creation du cache c5c011f50b3b3a8bff5b69e1c8ef8249.cache pour 3600 secondes
2018-08-07 16:42:19 192.168.1.27 (pid 11200) :Pub:!INFO: Creation du cache 6b8eef4d4d1b9c881fe3f0eed1c4313e.cache pour 86400 secondes
2018-08-07 16:42:22 192.168.1.27 (pid 11200) :Pub:!INFO: Creation du cache 60c07386b78fe90a8dd3350d6c6b91b0.cache pour 86400 secondes
2018-08-07 16:42:22 192.168.1.27 (pid 11200) :Pub:!INFO: Creation du cache 3701c9bfda053d1db289dd4f4c568423.cache pour 86400 secondes
2018-08-07 16:42:22 192.168.1.27 (pid 11200) :Pub:!INFO: Creation du cache 41a6026f82c274c49bd396c8833621fa.cache pour 86400 secondes
2018-08-07 16:42:22 192.168.1.27 (pid 11200) :Pub:!INFO: Creation du cache 28566b72b2ea38e5e590462a1ea1e660.cache pour 86400 secondes
2018-08-07 16:42:22 192.168.1.27 (pid 11200) :Pub:!INFO: Creation du cache bceacf6acb2a107d7826c71fb7c8e320.cache pour 86400 secondes
2018-08-07 16:42:28 192.168.1.27 (pid 11200) :Pub:!INFO: Creation du cache ff6779836459011918f07f990260f65d.cache pour 86400 secondes
2018-08-07 16:42:33 192.168.1.27 (pid 11200) :Pri:!INFO: Creation du cache 692013cd608791a3db94ab11c281f27a.cache pour 86400 secondes
2018-08-07 16:42:38 192.168.1.27 (pid 11200) :Pri:ERREUR: fonction execute_pipeline_notifications_destinataires absente : pipeline desactive
2018-08-07 16:42:41 192.168.1.27 (pid 11200) :Pub:!INFO: Creation du cache ac9e58605b91865ae25fd7d8e58097f8.cache pour 86400 secondes
2018-08-07 16:42:41 192.168.1.27 (pid 11200) :Pub:!INFO: Creation du cache c25027709718a683300cdd994dcb822c.cache pour 86400 secondes
2018-08-07 16:42:41 192.168.1.27 (pid 11200) :Pub:!INFO: Creation du cache 113d3c8ac838616e474e8a63ef29c0fd.cache pour 604800 secondes
2018-08-07 16:42:41 192.168.1.27 (pid 11200) :Pub:!INFO: Creation du cache bba3c0bcbb00a0a09f2b289abdd47f92.cache pour 86400 secondes
2018-08-07 16:42:41 192.168.1.27 (pid 11200) :Pub:!INFO: Creation du cache fd3a126f5703ea3fef45b725e25fe7df.cache pour 86400 secondes
2018-08-07 16:42:41 192.168.1.27 (pid 11200) :Pub:!INFO: Creation du cache a48b384926bd02713e4d6c1c05e18640.cache pour 86400 secondes
2018-08-07 16:42:41 192.168.1.27 (pid 11200) :Pub:!INFO: Creation du cache 0ac04afb1b390c878b85f44dd328ad76.cache pour 86400 secondes
2018-08-07 16:42:41 192.168.1.27 (pid 11200) :Pub:!INFO: Creation du cache 1c4d8449022ef9d94c855969845bb0ac.cache pour 86400 secondes
2018-08-07 16:42:41 192.168.1.27 (pid 11200) :Pub:!INFO: Creation du cache c5c011f50b3b3a8bff5b69e1c8ef8249.cache pour 3600 secondes
2018-08-07 16:42:41 192.168.1.27 (pid 11200) :Pub:!INFO: Creation du cache d6f5ef5c887cb4c24769003631f7de74.cache pour 86400 secondes
2018-08-07 16:42:45 192.168.1.27 (pid 11200) :Pub:!INFO: Creation du cache d6d9ce907f79bb9c69323f569253a09d.cache pour 86400 secondes
2018-08-07 16:42:45 192.168.1.27 (pid 11200) :Pub:!INFO: Creation du cache e130fa5e45aa4badb7faefeba83b44c3.cache pour 86400 secondes
2018-08-07 16:42:45 192.168.1.27 (pid 11200) :Pub:!INFO: Creation du cache 3701c9bfda053d1db289dd4f4c568423.cache pour 86400 secondes
2018-08-07 16:42:45 192.168.1.27 (pid 11200) :Pub:!INFO: Creation du cache fe6f1917d69943296e00749f42eda462.cache pour 86400 secondes
2018-08-07 16:42:45 192.168.1.27 (pid 11200) :Pub:!INFO: Creation du cache b9cba9861eb40c76166d1057bb9e6768.cache pour 86400 secondes
2018-08-07 16:42:46 192.168.1.27 (pid 11200) :Pub:!INFO: Creation du cache ceb2c1743f08300e80752ae63bd3025a.cache pour 3600 secondes
2018-08-07 16:42:46 192.168.1.27 (pid 11200) :Pub:!INFO: Creation du cache 5f31de515673ce6acce4378cfd85400a.cache pour 3600 secondes
2018-08-07 16:42:46 192.168.1.27 (pid 11200) :Pub:!INFO: Creation du cache 319747634d98cc97f3214ccd9fdc0a74.cache pour 3600 secondes
2018-08-07 16:42:46 192.168.1.27 (pid 11200) :Pub:!INFO: Creation du cache bd15cf08af7fe93137756723415e9ede.cache pour 86400 secondes
2018-08-07 16:42:46 192.168.1.27 (pid 11200) :Pub:!INFO: Creation du cache 9625e82e1d88dd554ad34e8788916dd8.cache pour 86400 secondes
2018-08-07 16:42:48 192.168.1.27 (pid 11200) :Pub:!INFO: Creation du cache 9d183e7d2b76ea1ad898a24cfaba7ebc.cache pour 86400 secondes
2018-08-07 16:42:48 192.168.1.27 (pid 11200) :Pub:!INFO: Creation du cache ab28e814adc87202dc4400554d34e247.cache pour 86400 secondes
2018-08-07 16:42:48 192.168.1.27 (pid 11200) :Pub:!INFO: Creation du cache a0e77b2aedac4ff146ad45697840e0df.cache pour 86400 secondes
2018-08-07 16:42:55 192.168.1.27 (pid 11200) :Pub:!INFO: Creation du cache 3f7437db257f3b9cc70ddb3289c06f84.cache pour 86400 secondes
2018-08-07 16:42:57 192.168.1.27 (pid 11200) :Pub:!INFO: Creation du cache ac9e58605b91865ae25fd7d8e58097f8.cache pour 86400 secondes
2018-08-07 16:42:57 192.168.1.27 (pid 11200) :Pub:!INFO: Creation du cache c25027709718a683300cdd994dcb822c.cache pour 86400 secondes
2018-08-07 16:42:57 192.168.1.27 (pid 11200) :Pub:!INFO: Creation du cache 113d3c8ac838616e474e8a63ef29c0fd.cache pour 604800 secondes
2018-08-07 16:42:57 192.168.1.27 (pid 11200) :Pub:!INFO: Creation du cache bba3c0bcbb00a0a09f2b289abdd47f92.cache pour 86400 secondes
2018-08-07 16:42:57 192.168.1.27 (pid 11200) :Pub:!INFO: Creation du cache fd3a126f5703ea3fef45b725e25fe7df.cache pour 86400 secondes
2018-08-07 16:42:57 192.168.1.27 (pid 11200) :Pub:!INFO: Creation du cache 76435ac26a5b1ad6c465dd33e4da7670.cache pour 86400 secondes
2018-08-07 16:42:58 192.168.1.27 (pid 11200) :Pub:!INFO: Creation du cache 2e467af8781989805300d412d1691fae.cache pour 86400 secondes
2018-08-07 16:42:58 192.168.1.27 (pid 11200) :Pub:!INFO: Creation du cache 1c4d8449022ef9d94c855969845bb0ac.cache pour 86400 secondes
2018-08-07 16:42:58 192.168.1.27 (pid 11200) :Pub:!INFO: Creation du cache c5c011f50b3b3a8bff5b69e1c8ef8249.cache pour 3600 secondes
2018-08-07 16:42:58 192.168.1.27 (pid 11200) :Pub:!INFO: Creation du cache 5fbae1066660eb18d32a0d0ad343fed5.cache pour 86400 secondes
2018-08-07 16:43:05 192.168.1.27 (pid 11200) :Pri:!INFO: Creation du cache 692013cd608791a3db94ab11c281f27a.cache pour 86400 secondes
2018-08-07 16:43:20 192.168.1.27 (pid 11200) :Pri:!INFO: Creation du cache 190dc287d5661b5eee7faf3aac39fdf5.cache pour 86400 secondes
2018-08-07 16:43:35 192.168.1.27 (pid 11200) :Pri:!INFO: Creation du cache 190dc287d5661b5eee7faf3aac39fdf5.cache pour 86400 secondes
2018-08-07 16:49:43 192.168.1.27 (pid 11200) :Pri:!INFO: Creation du cache a722a8412ca14464cc0347ef51a1294a.cache pour 86400 secondes
2018-08-07 16:50:59 192.168.1.27 (pid 11200) :Pri:!INFO: Creation du cache bf7d5b4138605f080221d25b802e8da2.cache pour 86400 secondes
2018-08-07 16:51:49 192.168.1.27 (pid 11200) :Pri:ERREUR: fonction execute_pipeline_notifications_destinataires absente : pipeline desactive
2018-08-07 16:51:52 192.168.1.27 (pid 11200) :Pri:!INFO: Creation du cache 3848a5b43d6635d709fa294a64090154.cache pour 86400 secondes
2018-08-07 16:55:59 192.168.1.27 (pid 11200) :Pri:!INFO: Creation du cache 5072f5f2ba0f2da5f6c8381f7a3493c8.cache pour 86400 secondes
2018-08-07 16:56:37 192.168.1.27 (pid 11200) :Pri:!INFO: Creation du cache 5072f5f2ba0f2da5f6c8381f7a3493c8.cache pour 86400 secondes
2018-08-07 16:57:25 192.168.1.27 (pid 11200) :Pri:!INFO: Creation du cache 7a49b1730ac5b12c76bd16bddfdcd8c4.cache pour 86400 secondes
2018-08-07 16:57:32 192.168.1.27 (pid 11200) :Pri:ERREUR: fonction execute_pipeline_notifications_destinataires absente : pipeline desactive
2018-08-07 16:57:41 192.168.1.27 (pid 11200) :Pri:!INFO: Creation du cache 7a49b1730ac5b12c76bd16bddfdcd8c4.cache pour 86400 secondes
2018-08-07 16:58:23 192.168.1.27 (pid 11200) :Pri:!INFO: Creation du cache d6f20465ce23b2efb0bbf931f740ea3c.cache pour 86400 secondes
2018-08-07 16:59:03 192.168.1.27 (pid 11200) :Pri:ERREUR: fonction execute_pipeline_notifications_destinataires absente : pipeline desactive
2018-08-07 16:59:08 192.168.1.27 (pid 11200) :Pri:!INFO: Creation du cache d6f20465ce23b2efb0bbf931f740ea3c.cache pour 86400 secondes
2018-08-07 16:59:14 192.168.1.27 (pid 11200) :Pri:!INFO: Creation du cache 5cadee4a17ae81f1c194de36718da3a9.cache pour 86400 secondes
2018-08-07 17:00:42 192.168.1.27 (pid 11200) :Pri:!INFO: Creation du cache 4bd9385c4726f793e90218b1959ee243.cache pour 86400 secondes
2018-08-07 17:01:04 192.168.1.27 (pid 11200) :Pri:!INFO: Creation du cache 4bd9385c4726f793e90218b1959ee243.cache pour 86400 secondes
2018-08-07 17:01:50 192.168.1.27 (pid 11200) :Pri:!INFO: Creation du cache 52abdc45b69bffcef5d19cbbf5af4f2a.cache pour 86400 secondes
2018-08-07 17:01:53 192.168.1.27 (pid 11200) :Pub:!INFO: Creation du cache ac9e58605b91865ae25fd7d8e58097f8.cache pour 86400 secondes
2018-08-07 17:01:53 192.168.1.27 (pid 11200) :Pub:!INFO: Creation du cache c25027709718a683300cdd994dcb822c.cache pour 86400 secondes
2018-08-07 17:01:53 192.168.1.27 (pid 11200) :Pub:!INFO: Creation du cache 113d3c8ac838616e474e8a63ef29c0fd.cache pour 604800 secondes
2018-08-07 17:01:53 192.168.1.27 (pid 11200) :Pub:!INFO: Creation du cache bba3c0bcbb00a0a09f2b289abdd47f92.cache pour 86400 secondes
2018-08-07 17:01:53 192.168.1.27 (pid 11200) :Pub:!INFO: Creation du cache fd3a126f5703ea3fef45b725e25fe7df.cache pour 86400 secondes
2018-08-07 17:01:53 192.168.1.27 (pid 11200) :Pub:!INFO: Creation du cache 55861e07ecbdef8d9cd67063ebd80ea0.cache pour 86400 secondes
2018-08-07 17:01:54 192.168.1.27 (pid 11200) :Pub:!INFO: Creation du cache 4bff89400abb68bf6de198e8eda93975.cache pour 86400 secondes
2018-08-07 17:01:54 192.168.1.27 (pid 11200) :Pub:!INFO: Creation du cache 1c4d8449022ef9d94c855969845bb0ac.cache pour 86400 secondes
2018-08-07 17:01:54 192.168.1.27 (pid 11200) :Pub:!INFO: Creation du cache c5c011f50b3b3a8bff5b69e1c8ef8249.cache pour 3600 secondes
2018-08-07 17:01:54 192.168.1.27 (pid 11200) :Pub:!INFO: Creation du cache 2824a459adaf2653337f2717e7b4f96c.cache pour 86400 secondes
2018-08-07 17:03:00 192.168.1.27 (pid 11200) :Pri:!INFO: Creation du cache 0c9a52ccab1a6578332b64ccfe790664.cache pour 86400 secondes
2018-08-07 17:04:09 192.168.1.27 (pid 11200) :Pri:!INFO: Creation du cache 31335bfe224ff2a826d8a8cf19b8332e.cache pour 86400 secondes
2018-08-07 17:04:27 192.168.1.27 (pid 11200) :Pri:!INFO: Creation du cache 31335bfe224ff2a826d8a8cf19b8332e.cache pour 86400 secondes
2018-08-07 17:05:13 192.168.1.27 (pid 11200) :Pri:!INFO: Creation du cache 1066ef81793d0f1e1ed42fe48e496b53.cache pour 86400 secondes
2018-08-07 17:05:22 192.168.1.27 (pid 11200) :Pri:ERREUR: fonction execute_pipeline_notifications_destinataires absente : pipeline desactive
2018-08-07 17:05:27 192.168.1.27 (pid 11200) :Pri:!INFO: Creation du cache 1066ef81793d0f1e1ed42fe48e496b53.cache pour 86400 secondes
2018-08-07 17:06:09 192.168.1.27 (pid 11200) :Pri:!INFO: Creation du cache 1066ef81793d0f1e1ed42fe48e496b53.cache pour 86400 secondes
2018-08-07 17:06:39 192.168.1.27 (pid 11200) :Pri:!INFO: Creation du cache fc41981de146872c3be3b5e78a7a995e.cache pour 86400 secondes
2018-08-07 17:06:49 192.168.1.27 (pid 11200) :Pri:!INFO: Creation du cache fc41981de146872c3be3b5e78a7a995e.cache pour 86400 secondes
2018-08-07 17:07:38 192.168.1.27 (pid 11200) :Pri:!INFO: Creation du cache 419d0668953790e4b733eae6e5f37f06.cache pour 86400 secondes
2018-08-07 17:07:44 192.168.1.27 (pid 11200) :Pri:ERREUR: fonction execute_pipeline_notifications_destinataires absente : pipeline desactive
2018-08-07 17:07:51 192.168.1.27 (pid 11200) :Pri:!INFO: Creation du cache 419d0668953790e4b733eae6e5f37f06.cache pour 86400 secondes
2018-08-07 17:08:42 192.168.1.27 (pid 11200) :Pri:!INFO: Creation du cache 3d768d7f543ff33cd52b03bd699fee4f.cache pour 86400 secondes
2018-08-07 17:09:44 192.168.1.27 (pid 11200) :Pri:!INFO: Creation du cache 011a35694980de65776a138d215a8f23.cache pour 86400 secondes
2018-08-07 17:09:48 192.168.1.27 (pid 11200) :Pri:ERREUR: fonction execute_pipeline_notifications_destinataires absente : pipeline desactive
2018-08-07 17:09:51 192.168.1.27 (pid 11200) :Pri:!INFO: Creation du cache 011a35694980de65776a138d215a8f23.cache pour 86400 secondes
2018-08-07 17:10:09 192.168.1.27 (pid 11200) :Pri:!INFO: Creation du cache 011a35694980de65776a138d215a8f23.cache pour 86400 secondes
2018-08-07 17:10:32 192.168.1.27 (pid 11200) :Pri:!INFO: Creation du cache 011a35694980de65776a138d215a8f23.cache pour 86400 secondes
2018-08-07 17:10:59 192.168.1.27 (pid 11200) :Pri:!INFO: Creation du cache aebbf4fe6ca3d4837b5e6f8ca55ef008.cache pour 86400 secondes
2018-08-07 17:11:15 192.168.1.27 (pid 11200) :Pri:!INFO: Creation du cache aebbf4fe6ca3d4837b5e6f8ca55ef008.cache pour 86400 secondes
2018-08-07 17:12:17 192.168.1.27 (pid 11200) :Pri:!INFO: Creation du cache fba59015834ee0be5b5ddb92788ff690.cache pour 86400 secondes
2018-08-07 17:12:22 192.168.1.27 (pid 11200) :Pri:ERREUR: fonction execute_pipeline_notifications_destinataires absente : pipeline desactive
2018-08-07 17:12:25 192.168.1.27 (pid 11200) :Pri:!INFO: Creation du cache fba59015834ee0be5b5ddb92788ff690.cache pour 86400 secondes
2018-08-07 17:13:01 192.168.1.27 (pid 11200) :Pri:ERREUR: fonction execute_pipeline_notifications_destinataires absente : pipeline desactive
2018-08-07 17:13:05 192.168.1.27 (pid 11200) :Pri:!INFO: Creation du cache fba59015834ee0be5b5ddb92788ff690.cache pour 86400 secondes
2018-08-07 17:13:34 192.168.1.27 (pid 11200) :Pri:!INFO: Creation du cache 1f26559601723394720a614f9b94aef2.cache pour 86400 secondes
